
*** Running vivado
    with args -log Lab9Part2.vds -m64 -product Vivado -mode batch -messageDb vivado.pb -notrace -source Lab9Part2.tcl


****** Vivado v2017.4 (64-bit)
  **** SW Build 2086221 on Fri Dec 15 20:55:39 MST 2017
  **** IP Build 2085800 on Fri Dec 15 22:25:07 MST 2017
    ** Copyright 1986-2017 Xilinx, Inc. All Rights Reserved.

source Lab9Part2.tcl -notrace
Command: synth_design -top Lab9Part2 -part xc7a35tcpg236-1
Starting synth_design
Attempting to get a license for feature 'Synthesis' and/or device 'xc7a35t'
INFO: [Common 17-349] Got license for feature 'Synthesis' and/or device 'xc7a35t'
INFO: Launching helper process for spawning children vivado processes
INFO: Helper process launched with PID 10668 
---------------------------------------------------------------------------------
Starting Synthesize : Time (s): cpu = 00:00:08 ; elapsed = 00:00:08 . Memory (MB): peak = 344.957 ; gain = 100.414
---------------------------------------------------------------------------------
INFO: [Synth 8-638] synthesizing module 'Lab9Part2' [C:/Users/Chris/Documents/development/ncat-ecen429-repository/Lab9/Lab9Part2/Lab9Part2.srcs/sources_1/new/Lab9Part2.vhd:15]
INFO: [Synth 8-3491] module 'clock_divider' declared at 'C:/Users/Chris/Documents/development/ncat-ecen429-repository/Lab9/Lab9Part2/Lab9Part2.srcs/sources_1/new/clock_divider.vhd:6' bound to instance 'clk_div' of component 'clock_divider' [C:/Users/Chris/Documents/development/ncat-ecen429-repository/Lab9/Lab9Part2/Lab9Part2.srcs/sources_1/new/Lab9Part2.vhd:31]
INFO: [Synth 8-638] synthesizing module 'clock_divider' [C:/Users/Chris/Documents/development/ncat-ecen429-repository/Lab9/Lab9Part2/Lab9Part2.srcs/sources_1/new/clock_divider.vhd:12]
INFO: [Synth 8-4471] merging register 'slowClock_sig_reg' into 'SlowClock_reg' [C:/Users/Chris/Documents/development/ncat-ecen429-repository/Lab9/Lab9Part2/Lab9Part2.srcs/sources_1/new/clock_divider.vhd:29]
WARNING: [Synth 8-6014] Unused sequential element slowClock_sig_reg was removed.  [C:/Users/Chris/Documents/development/ncat-ecen429-repository/Lab9/Lab9Part2/Lab9Part2.srcs/sources_1/new/clock_divider.vhd:29]
INFO: [Synth 8-256] done synthesizing module 'clock_divider' (1#1) [C:/Users/Chris/Documents/development/ncat-ecen429-repository/Lab9/Lab9Part2/Lab9Part2.srcs/sources_1/new/clock_divider.vhd:12]
INFO: [Synth 8-256] done synthesizing module 'Lab9Part2' (2#1) [C:/Users/Chris/Documents/development/ncat-ecen429-repository/Lab9/Lab9Part2/Lab9Part2.srcs/sources_1/new/Lab9Part2.vhd:15]
---------------------------------------------------------------------------------
Finished Synthesize : Time (s): cpu = 00:00:09 ; elapsed = 00:00:09 . Memory (MB): peak = 397.109 ; gain = 152.566
---------------------------------------------------------------------------------
---------------------------------------------------------------------------------
Finished Constraint Validation : Time (s): cpu = 00:00:09 ; elapsed = 00:00:09 . Memory (MB): peak = 397.109 ; gain = 152.566
---------------------------------------------------------------------------------
---------------------------------------------------------------------------------
Start Loading Part and Timing Information
---------------------------------------------------------------------------------
Loading part: xc7a35tcpg236-1
INFO: [Device 21-403] Loading part xc7a35tcpg236-1
---------------------------------------------------------------------------------
Finished Loading Part and Timing Information : Time (s): cpu = 00:00:09 ; elapsed = 00:00:09 . Memory (MB): peak = 397.109 ; gain = 152.566
---------------------------------------------------------------------------------
INFO: [Synth 8-802] inferred FSM for state register 'next_state_reg' in module 'Lab9Part2'
INFO: [Synth 8-5544] ROM "east_west" won't be mapped to Block RAM because address size (4) smaller than threshold (5)
INFO: [Synth 8-5544] ROM "south" won't be mapped to Block RAM because address size (4) smaller than threshold (5)
INFO: [Synth 8-5544] ROM "north" won't be mapped to Block RAM because address size (4) smaller than threshold (5)
INFO: [Synth 8-5544] ROM "next_state" won't be mapped to Block RAM because address size (1) smaller than threshold (5)
INFO: [Synth 8-5544] ROM "next_state" won't be mapped to Block RAM because address size (1) smaller than threshold (5)
INFO: [Synth 8-5544] ROM "next_state" won't be mapped to Block RAM because address size (1) smaller than threshold (5)
---------------------------------------------------------------------------------------------------
                   State |                     New Encoding |                Previous Encoding 
---------------------------------------------------------------------------------------------------
                  iSTATE |                             0000 |                             0000
                 iSTATE0 |                             0001 |                             0001
                 iSTATE1 |                             0010 |                             0010
                 iSTATE2 |                             0011 |                             0011
                 iSTATE3 |                             0100 |                             0100
                 iSTATE4 |                             0101 |                             0101
                 iSTATE6 |                             0110 |                             0111
                 iSTATE7 |                             0111 |                             1000
                 iSTATE5 |                             1000 |                             0110
                 iSTATE8 |                             1001 |                             1001
                 iSTATE9 |                             1010 |                             1010
*
---------------------------------------------------------------------------------------------------
INFO: [Synth 8-3354] encoded FSM with state register 'next_state_reg' using encoding 'sequential' in module 'Lab9Part2'
---------------------------------------------------------------------------------
Finished RTL Optimization Phase 2 : Time (s): cpu = 00:00:09 ; elapsed = 00:00:09 . Memory (MB): peak = 397.109 ; gain = 152.566
---------------------------------------------------------------------------------

Report RTL Partitions: 
+-+--------------+------------+----------+
| |RTL Partition |Replication |Instances |
+-+--------------+------------+----------+
+-+--------------+------------+----------+
No constraint files found.
---------------------------------------------------------------------------------
Start RTL Component Statistics 
---------------------------------------------------------------------------------
Detailed RTL Component Info : 
+---Adders : 
	   2 Input     27 Bit       Adders := 1     
+---Registers : 
	               27 Bit    Registers := 1     
	                1 Bit    Registers := 4     
+---Muxes : 
	  11 Input      5 Bit        Muxes := 1     
	  16 Input      4 Bit        Muxes := 1     
	  11 Input      3 Bit        Muxes := 2     
---------------------------------------------------------------------------------
Finished RTL Component Statistics 
---------------------------------------------------------------------------------
---------------------------------------------------------------------------------
Start RTL Hierarchical Component Statistics 
---------------------------------------------------------------------------------
Hierarchical RTL Component report 
Module Lab9Part2 
Detailed RTL Component Info : 
+---Muxes : 
	  11 Input      5 Bit        Muxes := 1     
	  16 Input      4 Bit        Muxes := 1     
	  11 Input      3 Bit        Muxes := 2     
Module clock_divider 
Detailed RTL Component Info : 
+---Adders : 
	   2 Input     27 Bit       Adders := 1     
+---Registers : 
	               27 Bit    Registers := 1     
	                1 Bit    Registers := 4     
---------------------------------------------------------------------------------
Finished RTL Hierarchical Component Statistics
---------------------------------------------------------------------------------
---------------------------------------------------------------------------------
Start Part Resource Summary
---------------------------------------------------------------------------------
Part Resources:
DSPs: 90 (col length:60)
BRAMs: 100 (col length: RAMB18 60 RAMB36 30)
---------------------------------------------------------------------------------
Finished Part Resource Summary
---------------------------------------------------------------------------------
No constraint files found.
---------------------------------------------------------------------------------
Start Cross Boundary and Area Optimization
---------------------------------------------------------------------------------
WARNING: [Synth 8-6014] Unused sequential element clk_div/FastClock_reg was removed.  [C:/Users/Chris/Documents/development/ncat-ecen429-repository/Lab9/Lab9Part2/Lab9Part2.srcs/sources_1/new/clock_divider.vhd:26]
WARNING: [Synth 8-6014] Unused sequential element clk_div/MediumClock_reg was removed.  [C:/Users/Chris/Documents/development/ncat-ecen429-repository/Lab9/Lab9Part2/Lab9Part2.srcs/sources_1/new/clock_divider.vhd:27]
---------------------------------------------------------------------------------
Finished Cross Boundary and Area Optimization : Time (s): cpu = 00:00:13 ; elapsed = 00:00:14 . Memory (MB): peak = 525.422 ; gain = 280.879
---------------------------------------------------------------------------------

Report RTL Partitions: 
+-+--------------+------------+----------+
| |RTL Partition |Replication |Instances |
+-+--------------+------------+----------+
+-+--------------+------------+----------+
No constraint files found.
---------------------------------------------------------------------------------
Start Timing Optimization
---------------------------------------------------------------------------------
---------------------------------------------------------------------------------
Finished Timing Optimization : Time (s): cpu = 00:00:13 ; elapsed = 00:00:14 . Memory (MB): peak = 525.422 ; gain = 280.879
---------------------------------------------------------------------------------

Report RTL Partitions: 
+-+--------------+------------+----------+
| |RTL Partition |Replication |Instances |
+-+--------------+------------+----------+
+-+--------------+------------+----------+
---------------------------------------------------------------------------------
Start Technology Mapping
---------------------------------------------------------------------------------
---------------------------------------------------------------------------------
Finished Technology Mapping : Time (s): cpu = 00:00:13 ; elapsed = 00:00:14 . Memory (MB): peak = 534.445 ; gain = 289.902
---------------------------------------------------------------------------------

Report RTL Partitions: 
+-+--------------+------------+----------+
| |RTL Partition |Replication |Instances |
+-+--------------+------------+----------+
+-+--------------+------------+----------+
---------------------------------------------------------------------------------
Start IO Insertion
---------------------------------------------------------------------------------
---------------------------------------------------------------------------------
Start Flattening Before IO Insertion
---------------------------------------------------------------------------------
---------------------------------------------------------------------------------
Finished Flattening Before IO Insertion
---------------------------------------------------------------------------------
---------------------------------------------------------------------------------
Start Final Netlist Cleanup
---------------------------------------------------------------------------------
---------------------------------------------------------------------------------
Finished Final Netlist Cleanup
---------------------------------------------------------------------------------
---------------------------------------------------------------------------------
Finished IO Insertion : Time (s): cpu = 00:00:15 ; elapsed = 00:00:15 . Memory (MB): peak = 534.445 ; gain = 289.902
---------------------------------------------------------------------------------

Report Check Netlist: 
+------+------------------+-------+---------+-------+------------------+
|      |Item              |Errors |Warnings |Status |Description       |
+------+------------------+-------+---------+-------+------------------+
|1     |multi_driven_nets |      0|        0|Passed |Multi driven nets |
+------+------------------+-------+---------+-------+------------------+
---------------------------------------------------------------------------------
Start Renaming Generated Instances
---------------------------------------------------------------------------------
---------------------------------------------------------------------------------
Finished Renaming Generated Instances : Time (s): cpu = 00:00:15 ; elapsed = 00:00:15 . Memory (MB): peak = 534.445 ; gain = 289.902
---------------------------------------------------------------------------------

Report RTL Partitions: 
+-+--------------+------------+----------+
| |RTL Partition |Replication |Instances |
+-+--------------+------------+----------+
+-+--------------+------------+----------+
---------------------------------------------------------------------------------
Start Rebuilding User Hierarchy
---------------------------------------------------------------------------------
---------------------------------------------------------------------------------
Finished Rebuilding User Hierarchy : Time (s): cpu = 00:00:15 ; elapsed = 00:00:15 . Memory (MB): peak = 534.445 ; gain = 289.902
---------------------------------------------------------------------------------
---------------------------------------------------------------------------------
Start Renaming Generated Ports
---------------------------------------------------------------------------------
---------------------------------------------------------------------------------
Finished Renaming Generated Ports : Time (s): cpu = 00:00:15 ; elapsed = 00:00:15 . Memory (MB): peak = 534.445 ; gain = 289.902
---------------------------------------------------------------------------------
---------------------------------------------------------------------------------
Start Handling Custom Attributes
---------------------------------------------------------------------------------
---------------------------------------------------------------------------------
Finished Handling Custom Attributes : Time (s): cpu = 00:00:15 ; elapsed = 00:00:15 . Memory (MB): peak = 534.445 ; gain = 289.902
---------------------------------------------------------------------------------
---------------------------------------------------------------------------------
Start Renaming Generated Nets
---------------------------------------------------------------------------------
---------------------------------------------------------------------------------
Finished Renaming Generated Nets : Time (s): cpu = 00:00:15 ; elapsed = 00:00:15 . Memory (MB): peak = 534.445 ; gain = 289.902
---------------------------------------------------------------------------------
---------------------------------------------------------------------------------
Start Writing Synthesis Report
---------------------------------------------------------------------------------

Report BlackBoxes: 
+-+--------------+----------+
| |BlackBox name |Instances |
+-+--------------+----------+
+-+--------------+----------+

Report Cell Usage: 
+------+-------+------+
|      |Cell   |Count |
+------+-------+------+
|1     |BUFG   |     1|
|2     |CARRY4 |     7|
|3     |LUT1   |     1|
|4     |LUT2   |     1|
|5     |LUT3   |     1|
|6     |LUT4   |    10|
|7     |LUT5   |     1|
|8     |LUT6   |     3|
|9     |FDCE   |     4|
|10    |FDRE   |    29|
|11    |IBUF   |     5|
|12    |OBUF   |    12|
+------+-------+------+

Report Instance Areas: 
+------+----------+--------------+------+
|      |Instance  |Module        |Cells |
+------+----------+--------------+------+
|1     |top       |              |    75|
|2     |  clk_div |clock_divider |    37|
+------+----------+--------------+------+
---------------------------------------------------------------------------------
Finished Writing Synthesis Report : Time (s): cpu = 00:00:15 ; elapsed = 00:00:15 . Memory (MB): peak = 534.445 ; gain = 289.902
---------------------------------------------------------------------------------
Synthesis finished with 0 errors, 0 critical warnings and 3 warnings.
Synthesis Optimization Runtime : Time (s): cpu = 00:00:15 ; elapsed = 00:00:15 . Memory (MB): peak = 534.445 ; gain = 289.902
Synthesis Optimization Complete : Time (s): cpu = 00:00:15 ; elapsed = 00:00:15 . Memory (MB): peak = 534.445 ; gain = 289.902
INFO: [Project 1-571] Translating synthesized netlist
INFO: [Netlist 29-17] Analyzing 12 Unisim elements for replacement
INFO: [Netlist 29-28] Unisim Transformation completed in 0 CPU seconds
INFO: [Project 1-570] Preparing netlist for logic optimization
INFO: [Opt 31-138] Pushed 0 inverter(s) to 0 load pin(s).
INFO: [Project 1-111] Unisim Transformation Summary:
No Unisim elements were transformed.

INFO: [Common 17-83] Releasing license: Synthesis
23 Infos, 3 Warnings, 0 Critical Warnings and 0 Errors encountered.
synth_design completed successfully
synth_design: Time (s): cpu = 00:00:20 ; elapsed = 00:00:22 . Memory (MB): peak = 634.703 ; gain = 403.109
INFO: [Common 17-1381] The checkpoint 'C:/Users/Chris/Documents/development/ncat-ecen429-repository/Lab9/Lab9Part2/Lab9Part2.runs/synth_1/Lab9Part2.dcp' has been generated.
INFO: [runtcl-4] Executing : report_utilization -file Lab9Part2_utilization_synth.rpt -pb Lab9Part2_utilization_synth.pb
report_utilization: Time (s): cpu = 00:00:00 ; elapsed = 00:00:00.069 . Memory (MB): peak = 634.703 ; gain = 0.000
INFO: [Common 17-206] Exiting Vivado at Tue Apr 10 15:36:11 2018...
