Copyright 1986-2017 Xilinx, Inc. All Rights Reserved.
-------------------------------------------------------------------------------------
| Tool Version : Vivado v.2017.4 (win64) Build 2086221 Fri Dec 15 20:55:39 MST 2017
| Date         : Wed Feb 28 12:17:01 2018
| Host         : DESKTOP-C4F8K0T running 64-bit major release  (build 9200)
| Command      : report_control_sets -verbose -file sr_latch_control_sets_placed.rpt
| Design       : sr_latch
| Device       : xc7a35t
-------------------------------------------------------------------------------------

Control Set Information

Table of Contents
-----------------
1. Summary
2. Flip-Flop Distribution
3. Detailed Control Set Information

1. Summary
----------

+----------------------------------------------------------+-------+
|                          Status                          | Count |
+----------------------------------------------------------+-------+
| Number of unique control sets                            |     2 |
| Unused register locations in slices containing registers |     7 |
+----------------------------------------------------------+-------+


2. Flip-Flop Distribution
-------------------------

+--------------+-----------------------+------------------------+-----------------+--------------+
| Clock Enable | Synchronous Set/Reset | Asynchronous Set/Reset | Total Registers | Total Slices |
+--------------+-----------------------+------------------------+-----------------+--------------+
| No           | No                    | No                     |               2 |            1 |
| No           | No                    | Yes                    |               0 |            0 |
| No           | Yes                   | No                     |               7 |            4 |
| Yes          | No                    | No                     |               0 |            0 |
| Yes          | No                    | Yes                    |               0 |            0 |
| Yes          | Yes                   | No                     |               0 |            0 |
+--------------+-----------------------+------------------------+-----------------+--------------+


3. Detailed Control Set Information
-----------------------------------

+----------------+---------------+------------------+------------------+----------------+
|  Clock Signal  | Enable Signal | Set/Reset Signal | Slice Load Count | Bel Load Count |
+----------------+---------------+------------------+------------------+----------------+
|  clk_IBUF_BUFG |               |                  |                1 |              2 |
|  clk_IBUF_BUFG |               | error[6]_i_1_n_0 |                4 |              7 |
+----------------+---------------+------------------+------------------+----------------+


+--------+-----------------------+
| Fanout | Number of ControlSets |
+--------+-----------------------+
| 2      |                     1 |
| 7      |                     1 |
+--------+-----------------------+


