
*** Running vivado
    with args -log counter.vds -m64 -product Vivado -mode batch -messageDb vivado.pb -notrace -source counter.tcl


****** Vivado v2017.4 (64-bit)
  **** SW Build 2086221 on Fri Dec 15 20:55:39 MST 2017
  **** IP Build 2085800 on Fri Dec 15 22:25:07 MST 2017
    ** Copyright 1986-2017 Xilinx, Inc. All Rights Reserved.

source counter.tcl -notrace
Command: synth_design -top counter -part xc7a35tcpg236-1
Starting synth_design
Attempting to get a license for feature 'Synthesis' and/or device 'xc7a35t'
INFO: [Common 17-349] Got license for feature 'Synthesis' and/or device 'xc7a35t'
INFO: Launching helper process for spawning children vivado processes
INFO: Helper process launched with PID 13868 
---------------------------------------------------------------------------------
Starting RTL Elaboration : Time (s): cpu = 00:00:12 ; elapsed = 00:00:12 . Memory (MB): peak = 344.840 ; gain = 100.395
---------------------------------------------------------------------------------
INFO: [Synth 8-638] synthesizing module 'counter' [C:/Users/Chris/Documents/development/ncat-ecen429-repository/Lab8/Lab8Part1/Lab8Part1.srcs/sources_1/new/counter.vhd:12]
INFO: [Synth 8-3491] module 'Clockdivider' declared at 'C:/Users/Chris/Documents/development/ncat-ecen429-repository/Lab8/Lab8Part1/Lab8Part1.srcs/sources_1/imports/new/clockdivider.vhd:26' bound to instance 'clock_div' of component 'Clockdivider' [C:/Users/Chris/Documents/development/ncat-ecen429-repository/Lab8/Lab8Part1/Lab8Part1.srcs/sources_1/new/counter.vhd:27]
INFO: [Synth 8-638] synthesizing module 'Clockdivider' [C:/Users/Chris/Documents/development/ncat-ecen429-repository/Lab8/Lab8Part1/Lab8Part1.srcs/sources_1/imports/new/clockdivider.vhd:32]
INFO: [Synth 8-4471] merging register 'slowClock_sig_reg' into 'SlowClock_reg' [C:/Users/Chris/Documents/development/ncat-ecen429-repository/Lab8/Lab8Part1/Lab8Part1.srcs/sources_1/imports/new/clockdivider.vhd:51]
WARNING: [Synth 8-6014] Unused sequential element slowClock_sig_reg was removed.  [C:/Users/Chris/Documents/development/ncat-ecen429-repository/Lab8/Lab8Part1/Lab8Part1.srcs/sources_1/imports/new/clockdivider.vhd:51]
INFO: [Synth 8-256] done synthesizing module 'Clockdivider' (1#1) [C:/Users/Chris/Documents/development/ncat-ecen429-repository/Lab8/Lab8Part1/Lab8Part1.srcs/sources_1/imports/new/clockdivider.vhd:32]
WARNING: [Synth 8-614] signal 'slowClock' is read in the process but is not in the sensitivity list [C:/Users/Chris/Documents/development/ncat-ecen429-repository/Lab8/Lab8Part1/Lab8Part1.srcs/sources_1/new/counter.vhd:29]
INFO: [Synth 8-256] done synthesizing module 'counter' (2#1) [C:/Users/Chris/Documents/development/ncat-ecen429-repository/Lab8/Lab8Part1/Lab8Part1.srcs/sources_1/new/counter.vhd:12]
---------------------------------------------------------------------------------
Finished RTL Elaboration : Time (s): cpu = 00:00:13 ; elapsed = 00:00:14 . Memory (MB): peak = 397.172 ; gain = 152.727
---------------------------------------------------------------------------------

Report Check Netlist: 
+------+------------------+-------+---------+-------+------------------+
|      |Item              |Errors |Warnings |Status |Description       |
+------+------------------+-------+---------+-------+------------------+
|1     |multi_driven_nets |      0|        0|Passed |Multi driven nets |
+------+------------------+-------+---------+-------+------------------+
---------------------------------------------------------------------------------
Finished RTL Optimization Phase 1 : Time (s): cpu = 00:00:13 ; elapsed = 00:00:14 . Memory (MB): peak = 397.172 ; gain = 152.727
---------------------------------------------------------------------------------
INFO: [Device 21-403] Loading part xc7a35tcpg236-1
INFO: [Project 1-570] Preparing netlist for logic optimization

Processing XDC Constraints
Initializing timing engine
Parsing XDC File [C:/Users/Chris/Documents/development/ncat-ecen429-repository/Lab8/Lab8Part1/Lab8Part1.srcs/constrs_1/new/const.xdc]
Finished Parsing XDC File [C:/Users/Chris/Documents/development/ncat-ecen429-repository/Lab8/Lab8Part1/Lab8Part1.srcs/constrs_1/new/const.xdc]
INFO: [Project 1-236] Implementation specific constraints were found while reading constraint file [C:/Users/Chris/Documents/development/ncat-ecen429-repository/Lab8/Lab8Part1/Lab8Part1.srcs/constrs_1/new/const.xdc]. These constraints will be ignored for synthesis but will be used in implementation. Impacted constraints are listed in the file [.Xil/counter_propImpl.xdc].
Resolution: To avoid this warning, move constraints listed in [.Xil/counter_propImpl.xdc] to another XDC file and exclude this new file from synthesis with the used_in_synthesis property (File Properties dialog in GUI) and re-run elaboration/synthesis.
Completed Processing XDC Constraints

INFO: [Project 1-111] Unisim Transformation Summary:
No Unisim elements were transformed.

Constraint Validation Runtime : Time (s): cpu = 00:00:00 ; elapsed = 00:00:00.007 . Memory (MB): peak = 715.535 ; gain = 0.000
---------------------------------------------------------------------------------
Finished Constraint Validation : Time (s): cpu = 00:00:31 ; elapsed = 00:00:34 . Memory (MB): peak = 715.535 ; gain = 471.090
---------------------------------------------------------------------------------
---------------------------------------------------------------------------------
Start Loading Part and Timing Information
---------------------------------------------------------------------------------
Loading part: xc7a35tcpg236-1
---------------------------------------------------------------------------------
Finished Loading Part and Timing Information : Time (s): cpu = 00:00:31 ; elapsed = 00:00:34 . Memory (MB): peak = 715.535 ; gain = 471.090
---------------------------------------------------------------------------------
---------------------------------------------------------------------------------
Start Applying 'set_property' XDC Constraints
---------------------------------------------------------------------------------
---------------------------------------------------------------------------------
Finished applying 'set_property' XDC Constraints : Time (s): cpu = 00:00:31 ; elapsed = 00:00:34 . Memory (MB): peak = 715.535 ; gain = 471.090
---------------------------------------------------------------------------------
---------------------------------------------------------------------------------
Finished RTL Optimization Phase 2 : Time (s): cpu = 00:00:32 ; elapsed = 00:00:34 . Memory (MB): peak = 715.535 ; gain = 471.090
---------------------------------------------------------------------------------

Report RTL Partitions: 
+-+--------------+------------+----------+
| |RTL Partition |Replication |Instances |
+-+--------------+------------+----------+
+-+--------------+------------+----------+
---------------------------------------------------------------------------------
Start RTL Component Statistics 
---------------------------------------------------------------------------------
Detailed RTL Component Info : 
+---Adders : 
	   2 Input     27 Bit       Adders := 1     
+---Registers : 
	               27 Bit    Registers := 1     
	                4 Bit    Registers := 1     
	                1 Bit    Registers := 4     
+---Muxes : 
	  20 Input      4 Bit        Muxes := 1     
---------------------------------------------------------------------------------
Finished RTL Component Statistics 
---------------------------------------------------------------------------------
---------------------------------------------------------------------------------
Start RTL Hierarchical Component Statistics 
---------------------------------------------------------------------------------
Hierarchical RTL Component report 
Module counter 
Detailed RTL Component Info : 
+---Registers : 
	                4 Bit    Registers := 1     
+---Muxes : 
	  20 Input      4 Bit        Muxes := 1     
Module Clockdivider 
Detailed RTL Component Info : 
+---Adders : 
	   2 Input     27 Bit       Adders := 1     
+---Registers : 
	               27 Bit    Registers := 1     
	                1 Bit    Registers := 4     
---------------------------------------------------------------------------------
Finished RTL Hierarchical Component Statistics
---------------------------------------------------------------------------------
---------------------------------------------------------------------------------
Start Part Resource Summary
---------------------------------------------------------------------------------
Part Resources:
DSPs: 90 (col length:60)
BRAMs: 100 (col length: RAMB18 60 RAMB36 30)
---------------------------------------------------------------------------------
Finished Part Resource Summary
---------------------------------------------------------------------------------
---------------------------------------------------------------------------------
Start Cross Boundary and Area Optimization
---------------------------------------------------------------------------------
WARNING: [Synth 8-6014] Unused sequential element clock_div/FastClock_reg was removed.  [C:/Users/Chris/Documents/development/ncat-ecen429-repository/Lab8/Lab8Part1/Lab8Part1.srcs/sources_1/imports/new/clockdivider.vhd:48]
WARNING: [Synth 8-6014] Unused sequential element clock_div/MediumClock_reg was removed.  [C:/Users/Chris/Documents/development/ncat-ecen429-repository/Lab8/Lab8Part1/Lab8Part1.srcs/sources_1/imports/new/clockdivider.vhd:49]
---------------------------------------------------------------------------------
Finished Cross Boundary and Area Optimization : Time (s): cpu = 00:00:33 ; elapsed = 00:00:35 . Memory (MB): peak = 715.535 ; gain = 471.090
---------------------------------------------------------------------------------

Report RTL Partitions: 
+-+--------------+------------+----------+
| |RTL Partition |Replication |Instances |
+-+--------------+------------+----------+
+-+--------------+------------+----------+
---------------------------------------------------------------------------------
Start Applying XDC Timing Constraints
---------------------------------------------------------------------------------
---------------------------------------------------------------------------------
Finished Applying XDC Timing Constraints : Time (s): cpu = 00:00:56 ; elapsed = 00:01:01 . Memory (MB): peak = 720.328 ; gain = 475.883
---------------------------------------------------------------------------------
---------------------------------------------------------------------------------
Start Timing Optimization
---------------------------------------------------------------------------------
---------------------------------------------------------------------------------
Finished Timing Optimization : Time (s): cpu = 00:00:56 ; elapsed = 00:01:01 . Memory (MB): peak = 720.402 ; gain = 475.957
---------------------------------------------------------------------------------

Report RTL Partitions: 
+-+--------------+------------+----------+
| |RTL Partition |Replication |Instances |
+-+--------------+------------+----------+
+-+--------------+------------+----------+
---------------------------------------------------------------------------------
Start Technology Mapping
---------------------------------------------------------------------------------
---------------------------------------------------------------------------------
Finished Technology Mapping : Time (s): cpu = 00:00:56 ; elapsed = 00:01:02 . Memory (MB): peak = 739.461 ; gain = 495.016
---------------------------------------------------------------------------------

Report RTL Partitions: 
+-+--------------+------------+----------+
| |RTL Partition |Replication |Instances |
+-+--------------+------------+----------+
+-+--------------+------------+----------+
---------------------------------------------------------------------------------
Start IO Insertion
---------------------------------------------------------------------------------
---------------------------------------------------------------------------------
Start Flattening Before IO Insertion
---------------------------------------------------------------------------------
---------------------------------------------------------------------------------
Finished Flattening Before IO Insertion
---------------------------------------------------------------------------------
---------------------------------------------------------------------------------
Start Final Netlist Cleanup
---------------------------------------------------------------------------------
---------------------------------------------------------------------------------
Finished Final Netlist Cleanup
---------------------------------------------------------------------------------
---------------------------------------------------------------------------------
Finished IO Insertion : Time (s): cpu = 00:00:59 ; elapsed = 00:01:05 . Memory (MB): peak = 739.461 ; gain = 495.016
---------------------------------------------------------------------------------

Report Check Netlist: 
+------+------------------+-------+---------+-------+------------------+
|      |Item              |Errors |Warnings |Status |Description       |
+------+------------------+-------+---------+-------+------------------+
|1     |multi_driven_nets |      0|        0|Passed |Multi driven nets |
+------+------------------+-------+---------+-------+------------------+
---------------------------------------------------------------------------------
Start Renaming Generated Instances
---------------------------------------------------------------------------------
---------------------------------------------------------------------------------
Finished Renaming Generated Instances : Time (s): cpu = 00:00:59 ; elapsed = 00:01:05 . Memory (MB): peak = 739.461 ; gain = 495.016
---------------------------------------------------------------------------------

Report RTL Partitions: 
+-+--------------+------------+----------+
| |RTL Partition |Replication |Instances |
+-+--------------+------------+----------+
+-+--------------+------------+----------+
---------------------------------------------------------------------------------
Start Rebuilding User Hierarchy
---------------------------------------------------------------------------------
---------------------------------------------------------------------------------
Finished Rebuilding User Hierarchy : Time (s): cpu = 00:00:59 ; elapsed = 00:01:05 . Memory (MB): peak = 739.461 ; gain = 495.016
---------------------------------------------------------------------------------
---------------------------------------------------------------------------------
Start Renaming Generated Ports
---------------------------------------------------------------------------------
---------------------------------------------------------------------------------
Finished Renaming Generated Ports : Time (s): cpu = 00:00:59 ; elapsed = 00:01:05 . Memory (MB): peak = 739.461 ; gain = 495.016
---------------------------------------------------------------------------------
---------------------------------------------------------------------------------
Start Handling Custom Attributes
---------------------------------------------------------------------------------
---------------------------------------------------------------------------------
Finished Handling Custom Attributes : Time (s): cpu = 00:00:59 ; elapsed = 00:01:05 . Memory (MB): peak = 739.461 ; gain = 495.016
---------------------------------------------------------------------------------
---------------------------------------------------------------------------------
Start Renaming Generated Nets
---------------------------------------------------------------------------------
---------------------------------------------------------------------------------
Finished Renaming Generated Nets : Time (s): cpu = 00:00:59 ; elapsed = 00:01:05 . Memory (MB): peak = 739.461 ; gain = 495.016
---------------------------------------------------------------------------------
---------------------------------------------------------------------------------
Start Writing Synthesis Report
---------------------------------------------------------------------------------

Report BlackBoxes: 
+-+--------------+----------+
| |BlackBox name |Instances |
+-+--------------+----------+
+-+--------------+----------+

Report Cell Usage: 
+------+-------+------+
|      |Cell   |Count |
+------+-------+------+
|1     |BUFG   |     1|
|2     |CARRY4 |     7|
|3     |LUT1   |     1|
|4     |LUT4   |     7|
|5     |LUT5   |     4|
|6     |FDCE   |     4|
|7     |FDRE   |    29|
|8     |IBUF   |     3|
|9     |OBUF   |     8|
+------+-------+------+

Report Instance Areas: 
+------+------------+-------------+------+
|      |Instance    |Module       |Cells |
+------+------------+-------------+------+
|1     |top         |             |    64|
|2     |  clock_div |Clockdivider |    37|
+------+------------+-------------+------+
---------------------------------------------------------------------------------
Finished Writing Synthesis Report : Time (s): cpu = 00:00:59 ; elapsed = 00:01:05 . Memory (MB): peak = 739.461 ; gain = 495.016
---------------------------------------------------------------------------------
Synthesis finished with 0 errors, 0 critical warnings and 2 warnings.
Synthesis Optimization Runtime : Time (s): cpu = 00:00:38 ; elapsed = 00:00:56 . Memory (MB): peak = 739.461 ; gain = 176.652
Synthesis Optimization Complete : Time (s): cpu = 00:01:00 ; elapsed = 00:01:06 . Memory (MB): peak = 739.461 ; gain = 495.016
INFO: [Project 1-571] Translating synthesized netlist
INFO: [Netlist 29-17] Analyzing 10 Unisim elements for replacement
INFO: [Netlist 29-28] Unisim Transformation completed in 0 CPU seconds
INFO: [Project 1-570] Preparing netlist for logic optimization
INFO: [Opt 31-138] Pushed 0 inverter(s) to 0 load pin(s).
INFO: [Project 1-111] Unisim Transformation Summary:
No Unisim elements were transformed.

INFO: [Common 17-83] Releasing license: Synthesis
18 Infos, 4 Warnings, 0 Critical Warnings and 0 Errors encountered.
synth_design completed successfully
synth_design: Time (s): cpu = 00:01:03 ; elapsed = 00:01:13 . Memory (MB): peak = 739.688 ; gain = 508.008
INFO: [Common 17-1381] The checkpoint 'C:/Users/Chris/Documents/development/ncat-ecen429-repository/Lab8/Lab8Part1/Lab8Part1.runs/synth_1/counter.dcp' has been generated.
INFO: [runtcl-4] Executing : report_utilization -file counter_utilization_synth.rpt -pb counter_utilization_synth.pb
report_utilization: Time (s): cpu = 00:00:00 ; elapsed = 00:00:00.074 . Memory (MB): peak = 739.688 ; gain = 0.000
INFO: [Common 17-206] Exiting Vivado at Wed Apr  4 23:43:46 2018...
