
*** Running vivado
    with args -log mealy.vds -m64 -product Vivado -mode batch -messageDb vivado.pb -notrace -source mealy.tcl


****** Vivado v2017.4 (64-bit)
  **** SW Build 2086221 on Fri Dec 15 20:55:39 MST 2017
  **** IP Build 2085800 on Fri Dec 15 22:25:07 MST 2017
    ** Copyright 1986-2017 Xilinx, Inc. All Rights Reserved.

source mealy.tcl -notrace
Command: synth_design -top mealy -part xc7a35tcpg236-1
Starting synth_design
Attempting to get a license for feature 'Synthesis' and/or device 'xc7a35t'
INFO: [Common 17-349] Got license for feature 'Synthesis' and/or device 'xc7a35t'
INFO: Launching helper process for spawning children vivado processes
INFO: Helper process launched with PID 9768 
---------------------------------------------------------------------------------
Starting RTL Elaboration : Time (s): cpu = 00:00:05 ; elapsed = 00:00:04 . Memory (MB): peak = 351.781 ; gain = 100.977
---------------------------------------------------------------------------------
INFO: [Synth 8-638] synthesizing module 'mealy' [C:/Users/student/Desktop/ncat-ecen429-repository/Lab6/Lab6Part3/Lab6Part3.srcs/sources_1/new/mealy.vhd:15]
INFO: [Synth 8-3491] module 'Clockdivider' declared at 'C:/Users/student/Desktop/ncat-ecen429-repository/Lab6/Lab6Part3/Lab6Part3.srcs/sources_1/imports/new/clockdivider.vhd:26' bound to instance 'clock' of component 'Clockdivider' [C:/Users/student/Desktop/ncat-ecen429-repository/Lab6/Lab6Part3/Lab6Part3.srcs/sources_1/new/mealy.vhd:29]
INFO: [Synth 8-638] synthesizing module 'Clockdivider' [C:/Users/student/Desktop/ncat-ecen429-repository/Lab6/Lab6Part3/Lab6Part3.srcs/sources_1/imports/new/clockdivider.vhd:32]
INFO: [Synth 8-4471] merging register 'slowClock_sig_reg' into 'SlowClock_reg' [C:/Users/student/Desktop/ncat-ecen429-repository/Lab6/Lab6Part3/Lab6Part3.srcs/sources_1/imports/new/clockdivider.vhd:51]
WARNING: [Synth 8-6014] Unused sequential element slowClock_sig_reg was removed.  [C:/Users/student/Desktop/ncat-ecen429-repository/Lab6/Lab6Part3/Lab6Part3.srcs/sources_1/imports/new/clockdivider.vhd:51]
INFO: [Synth 8-256] done synthesizing module 'Clockdivider' (1#1) [C:/Users/student/Desktop/ncat-ecen429-repository/Lab6/Lab6Part3/Lab6Part3.srcs/sources_1/imports/new/clockdivider.vhd:32]
WARNING: [Synth 8-614] signal 'reset' is read in the process but is not in the sensitivity list [C:/Users/student/Desktop/ncat-ecen429-repository/Lab6/Lab6Part3/Lab6Part3.srcs/sources_1/new/mealy.vhd:30]
INFO: [Synth 8-256] done synthesizing module 'mealy' (2#1) [C:/Users/student/Desktop/ncat-ecen429-repository/Lab6/Lab6Part3/Lab6Part3.srcs/sources_1/new/mealy.vhd:15]
WARNING: [Synth 8-3331] design mealy has unconnected port reset
---------------------------------------------------------------------------------
Finished RTL Elaboration : Time (s): cpu = 00:00:05 ; elapsed = 00:00:05 . Memory (MB): peak = 403.809 ; gain = 153.004
---------------------------------------------------------------------------------

Report Check Netlist: 
+------+------------------+-------+---------+-------+------------------+
|      |Item              |Errors |Warnings |Status |Description       |
+------+------------------+-------+---------+-------+------------------+
|1     |multi_driven_nets |      0|        0|Passed |Multi driven nets |
+------+------------------+-------+---------+-------+------------------+
---------------------------------------------------------------------------------
Finished RTL Optimization Phase 1 : Time (s): cpu = 00:00:05 ; elapsed = 00:00:05 . Memory (MB): peak = 403.809 ; gain = 153.004
---------------------------------------------------------------------------------
INFO: [Device 21-403] Loading part xc7a35tcpg236-1
INFO: [Project 1-570] Preparing netlist for logic optimization

Processing XDC Constraints
Initializing timing engine
Parsing XDC File [C:/Users/student/Desktop/ncat-ecen429-repository/Lab6/Lab6Part3/Lab6Part3.srcs/constrs_2/new/const.xdc]
Finished Parsing XDC File [C:/Users/student/Desktop/ncat-ecen429-repository/Lab6/Lab6Part3/Lab6Part3.srcs/constrs_2/new/const.xdc]
INFO: [Project 1-236] Implementation specific constraints were found while reading constraint file [C:/Users/student/Desktop/ncat-ecen429-repository/Lab6/Lab6Part3/Lab6Part3.srcs/constrs_2/new/const.xdc]. These constraints will be ignored for synthesis but will be used in implementation. Impacted constraints are listed in the file [.Xil/mealy_propImpl.xdc].
Resolution: To avoid this warning, move constraints listed in [.Xil/mealy_propImpl.xdc] to another XDC file and exclude this new file from synthesis with the used_in_synthesis property (File Properties dialog in GUI) and re-run elaboration/synthesis.
Completed Processing XDC Constraints

INFO: [Project 1-111] Unisim Transformation Summary:
No Unisim elements were transformed.

Constraint Validation Runtime : Time (s): cpu = 00:00:00 ; elapsed = 00:00:00.002 . Memory (MB): peak = 722.875 ; gain = 0.000
---------------------------------------------------------------------------------
Finished Constraint Validation : Time (s): cpu = 00:00:14 ; elapsed = 00:00:15 . Memory (MB): peak = 722.875 ; gain = 472.070
---------------------------------------------------------------------------------
---------------------------------------------------------------------------------
Start Loading Part and Timing Information
---------------------------------------------------------------------------------
Loading part: xc7a35tcpg236-1
---------------------------------------------------------------------------------
Finished Loading Part and Timing Information : Time (s): cpu = 00:00:14 ; elapsed = 00:00:15 . Memory (MB): peak = 722.875 ; gain = 472.070
---------------------------------------------------------------------------------
---------------------------------------------------------------------------------
Start Applying 'set_property' XDC Constraints
---------------------------------------------------------------------------------
---------------------------------------------------------------------------------
Finished applying 'set_property' XDC Constraints : Time (s): cpu = 00:00:14 ; elapsed = 00:00:15 . Memory (MB): peak = 722.875 ; gain = 472.070
---------------------------------------------------------------------------------
---------------------------------------------------------------------------------
Finished RTL Optimization Phase 2 : Time (s): cpu = 00:00:15 ; elapsed = 00:00:15 . Memory (MB): peak = 722.875 ; gain = 472.070
---------------------------------------------------------------------------------

Report RTL Partitions: 
+-+--------------+------------+----------+
| |RTL Partition |Replication |Instances |
+-+--------------+------------+----------+
+-+--------------+------------+----------+
---------------------------------------------------------------------------------
Start RTL Component Statistics 
---------------------------------------------------------------------------------
Detailed RTL Component Info : 
+---Adders : 
	   2 Input     28 Bit       Adders := 1     
+---Registers : 
	               28 Bit    Registers := 1     
	                3 Bit    Registers := 1     
	                1 Bit    Registers := 5     
+---Muxes : 
	   6 Input      5 Bit        Muxes := 1     
	   2 Input      3 Bit        Muxes := 2     
	   4 Input      3 Bit        Muxes := 1     
	   2 Input      2 Bit        Muxes := 3     
	   2 Input      1 Bit        Muxes := 1     
	   4 Input      1 Bit        Muxes := 1     
---------------------------------------------------------------------------------
Finished RTL Component Statistics 
---------------------------------------------------------------------------------
---------------------------------------------------------------------------------
Start RTL Hierarchical Component Statistics 
---------------------------------------------------------------------------------
Hierarchical RTL Component report 
Module mealy 
Detailed RTL Component Info : 
+---Registers : 
	                3 Bit    Registers := 1     
	                1 Bit    Registers := 1     
+---Muxes : 
	   6 Input      5 Bit        Muxes := 1     
	   2 Input      3 Bit        Muxes := 2     
	   4 Input      3 Bit        Muxes := 1     
	   2 Input      2 Bit        Muxes := 3     
	   2 Input      1 Bit        Muxes := 1     
	   4 Input      1 Bit        Muxes := 1     
Module Clockdivider 
Detailed RTL Component Info : 
+---Adders : 
	   2 Input     28 Bit       Adders := 1     
+---Registers : 
	               28 Bit    Registers := 1     
	                1 Bit    Registers := 4     
---------------------------------------------------------------------------------
Finished RTL Hierarchical Component Statistics
---------------------------------------------------------------------------------
---------------------------------------------------------------------------------
Start Part Resource Summary
---------------------------------------------------------------------------------
Part Resources:
DSPs: 90 (col length:60)
BRAMs: 100 (col length: RAMB18 60 RAMB36 30)
---------------------------------------------------------------------------------
Finished Part Resource Summary
---------------------------------------------------------------------------------
---------------------------------------------------------------------------------
Start Cross Boundary and Area Optimization
---------------------------------------------------------------------------------
WARNING: [Synth 8-6014] Unused sequential element clock/FastClock_reg was removed.  [C:/Users/student/Desktop/ncat-ecen429-repository/Lab6/Lab6Part3/Lab6Part3.srcs/sources_1/imports/new/clockdivider.vhd:48]
WARNING: [Synth 8-6014] Unused sequential element clock/MediumClock_reg was removed.  [C:/Users/student/Desktop/ncat-ecen429-repository/Lab6/Lab6Part3/Lab6Part3.srcs/sources_1/imports/new/clockdivider.vhd:49]
WARNING: [Synth 8-3917] design mealy has port output[5] driven by constant 0
WARNING: [Synth 8-3917] design mealy has port output[4] driven by constant 0
WARNING: [Synth 8-3917] design mealy has port output[0] driven by constant 1
WARNING: [Synth 8-3331] design mealy has unconnected port reset
---------------------------------------------------------------------------------
Finished Cross Boundary and Area Optimization : Time (s): cpu = 00:00:15 ; elapsed = 00:00:15 . Memory (MB): peak = 722.875 ; gain = 472.070
---------------------------------------------------------------------------------

Report RTL Partitions: 
+-+--------------+------------+----------+
| |RTL Partition |Replication |Instances |
+-+--------------+------------+----------+
+-+--------------+------------+----------+
---------------------------------------------------------------------------------
Start Applying XDC Timing Constraints
---------------------------------------------------------------------------------
---------------------------------------------------------------------------------
Finished Applying XDC Timing Constraints : Time (s): cpu = 00:00:23 ; elapsed = 00:00:23 . Memory (MB): peak = 723.262 ; gain = 472.457
---------------------------------------------------------------------------------
---------------------------------------------------------------------------------
Start Timing Optimization
---------------------------------------------------------------------------------
---------------------------------------------------------------------------------
Finished Timing Optimization : Time (s): cpu = 00:00:23 ; elapsed = 00:00:23 . Memory (MB): peak = 723.336 ; gain = 472.531
---------------------------------------------------------------------------------

Report RTL Partitions: 
+-+--------------+------------+----------+
| |RTL Partition |Replication |Instances |
+-+--------------+------------+----------+
+-+--------------+------------+----------+
---------------------------------------------------------------------------------
Start Technology Mapping
---------------------------------------------------------------------------------
---------------------------------------------------------------------------------
Finished Technology Mapping : Time (s): cpu = 00:00:23 ; elapsed = 00:00:23 . Memory (MB): peak = 742.391 ; gain = 491.586
---------------------------------------------------------------------------------

Report RTL Partitions: 
+-+--------------+------------+----------+
| |RTL Partition |Replication |Instances |
+-+--------------+------------+----------+
+-+--------------+------------+----------+
---------------------------------------------------------------------------------
Start IO Insertion
---------------------------------------------------------------------------------
---------------------------------------------------------------------------------
Start Flattening Before IO Insertion
---------------------------------------------------------------------------------
---------------------------------------------------------------------------------
Finished Flattening Before IO Insertion
---------------------------------------------------------------------------------
---------------------------------------------------------------------------------
Start Final Netlist Cleanup
---------------------------------------------------------------------------------
---------------------------------------------------------------------------------
Finished Final Netlist Cleanup
---------------------------------------------------------------------------------
---------------------------------------------------------------------------------
Finished IO Insertion : Time (s): cpu = 00:00:24 ; elapsed = 00:00:24 . Memory (MB): peak = 742.391 ; gain = 491.586
---------------------------------------------------------------------------------

Report Check Netlist: 
+------+------------------+-------+---------+-------+------------------+
|      |Item              |Errors |Warnings |Status |Description       |
+------+------------------+-------+---------+-------+------------------+
|1     |multi_driven_nets |      0|        0|Passed |Multi driven nets |
+------+------------------+-------+---------+-------+------------------+
---------------------------------------------------------------------------------
Start Renaming Generated Instances
---------------------------------------------------------------------------------
---------------------------------------------------------------------------------
Finished Renaming Generated Instances : Time (s): cpu = 00:00:24 ; elapsed = 00:00:24 . Memory (MB): peak = 742.391 ; gain = 491.586
---------------------------------------------------------------------------------

Report RTL Partitions: 
+-+--------------+------------+----------+
| |RTL Partition |Replication |Instances |
+-+--------------+------------+----------+
+-+--------------+------------+----------+
---------------------------------------------------------------------------------
Start Rebuilding User Hierarchy
---------------------------------------------------------------------------------
---------------------------------------------------------------------------------
Finished Rebuilding User Hierarchy : Time (s): cpu = 00:00:24 ; elapsed = 00:00:24 . Memory (MB): peak = 742.391 ; gain = 491.586
---------------------------------------------------------------------------------
---------------------------------------------------------------------------------
Start Renaming Generated Ports
---------------------------------------------------------------------------------
---------------------------------------------------------------------------------
Finished Renaming Generated Ports : Time (s): cpu = 00:00:24 ; elapsed = 00:00:24 . Memory (MB): peak = 742.391 ; gain = 491.586
---------------------------------------------------------------------------------
---------------------------------------------------------------------------------
Start Handling Custom Attributes
---------------------------------------------------------------------------------
---------------------------------------------------------------------------------
Finished Handling Custom Attributes : Time (s): cpu = 00:00:24 ; elapsed = 00:00:24 . Memory (MB): peak = 742.391 ; gain = 491.586
---------------------------------------------------------------------------------
---------------------------------------------------------------------------------
Start Renaming Generated Nets
---------------------------------------------------------------------------------
---------------------------------------------------------------------------------
Finished Renaming Generated Nets : Time (s): cpu = 00:00:24 ; elapsed = 00:00:24 . Memory (MB): peak = 742.391 ; gain = 491.586
---------------------------------------------------------------------------------
---------------------------------------------------------------------------------
Start Writing Synthesis Report
---------------------------------------------------------------------------------

Report BlackBoxes: 
+-+--------------+----------+
| |BlackBox name |Instances |
+-+--------------+----------+
+-+--------------+----------+

Report Cell Usage: 
+------+-------+------+
|      |Cell   |Count |
+------+-------+------+
|1     |BUFG   |     1|
|2     |CARRY4 |     7|
|3     |LUT1   |     2|
|4     |LUT3   |     6|
|5     |LUT4   |     1|
|6     |LUT5   |     2|
|7     |FDRE   |    34|
|8     |IBUF   |     4|
|9     |OBUF   |    13|
+------+-------+------+

Report Instance Areas: 
+------+---------+-------------+------+
|      |Instance |Module       |Cells |
+------+---------+-------------+------+
|1     |top      |             |    70|
|2     |  clock  |Clockdivider |    38|
+------+---------+-------------+------+
---------------------------------------------------------------------------------
Finished Writing Synthesis Report : Time (s): cpu = 00:00:24 ; elapsed = 00:00:24 . Memory (MB): peak = 742.391 ; gain = 491.586
---------------------------------------------------------------------------------
Synthesis finished with 0 errors, 0 critical warnings and 6 warnings.
Synthesis Optimization Runtime : Time (s): cpu = 00:00:14 ; elapsed = 00:00:19 . Memory (MB): peak = 742.391 ; gain = 172.520
Synthesis Optimization Complete : Time (s): cpu = 00:00:24 ; elapsed = 00:00:24 . Memory (MB): peak = 742.391 ; gain = 491.586
INFO: [Project 1-571] Translating synthesized netlist
INFO: [Netlist 29-17] Analyzing 11 Unisim elements for replacement
INFO: [Netlist 29-28] Unisim Transformation completed in 0 CPU seconds
INFO: [Project 1-570] Preparing netlist for logic optimization
INFO: [Opt 31-138] Pushed 0 inverter(s) to 0 load pin(s).
INFO: [Project 1-111] Unisim Transformation Summary:
No Unisim elements were transformed.

INFO: [Common 17-83] Releasing license: Synthesis
18 Infos, 9 Warnings, 0 Critical Warnings and 0 Errors encountered.
synth_design completed successfully
synth_design: Time (s): cpu = 00:00:24 ; elapsed = 00:00:27 . Memory (MB): peak = 745.141 ; gain = 506.719
INFO: [Common 17-1381] The checkpoint 'C:/Users/student/Desktop/ncat-ecen429-repository/Lab6/Lab6Part3/Lab6Part3.runs/synth_1/mealy.dcp' has been generated.
INFO: [runtcl-4] Executing : report_utilization -file mealy_utilization_synth.rpt -pb mealy_utilization_synth.pb
report_utilization: Time (s): cpu = 00:00:00 ; elapsed = 00:00:00.023 . Memory (MB): peak = 745.141 ; gain = 0.000
INFO: [Common 17-206] Exiting Vivado at Fri Mar 16 12:39:12 2018...
