Copyright 1986-2017 Xilinx, Inc. All Rights Reserved.
----------------------------------------------------------------------------------------
| Tool Version : Vivado v.2017.4 (win64) Build 2086221 Fri Dec 15 20:55:39 MST 2017
| Date         : Thu Mar 29 13:57:46 2018
| Host         : DESKTOP-C4F8K0T running 64-bit major release  (build 9200)
| Command      : report_control_sets -verbose -file fsm_control_control_sets_placed.rpt
| Design       : fsm_control
| Device       : xc7a35t
----------------------------------------------------------------------------------------

Control Set Information

Table of Contents
-----------------
1. Summary
2. Flip-Flop Distribution
3. Detailed Control Set Information

1. Summary
----------

+----------------------------------------------------------+-------+
|                          Status                          | Count |
+----------------------------------------------------------+-------+
| Number of unique control sets                            |     4 |
| Unused register locations in slices containing registers |    19 |
+----------------------------------------------------------+-------+


2. Flip-Flop Distribution
-------------------------

+--------------+-----------------------+------------------------+-----------------+--------------+
| Clock Enable | Synchronous Set/Reset | Asynchronous Set/Reset | Total Registers | Total Slices |
+--------------+-----------------------+------------------------+-----------------+--------------+
| No           | No                    | No                     |              30 |           11 |
| No           | No                    | Yes                    |               3 |            1 |
| No           | Yes                   | No                     |               0 |            0 |
| Yes          | No                    | No                     |               0 |            0 |
| Yes          | No                    | Yes                    |               4 |            1 |
| Yes          | Yes                   | No                     |               0 |            0 |
+--------------+-----------------------+------------------------+-----------------+--------------+


3. Detailed Control Set Information
-----------------------------------

+-----------------------------------------------------+---------------+------------------+------------------+----------------+
|                     Clock Signal                    | Enable Signal | Set/Reset Signal | Slice Load Count | Bel Load Count |
+-----------------------------------------------------+---------------+------------------+------------------+----------------+
|  counter_comp/clock_div/FSM_sequential_state_reg[2] |               |                  |                1 |              1 |
|  counter_comp/clock_div/FSM_sequential_state_reg[2] |               | reset_IBUF       |                1 |              3 |
|  counter_comp/clock_div/CLK                         | enable_IBUF   | reset_IBUF       |                1 |              4 |
|  clk_IBUF_BUFG                                      |               |                  |               10 |             29 |
+-----------------------------------------------------+---------------+------------------+------------------+----------------+


+--------+-----------------------+
| Fanout | Number of ControlSets |
+--------+-----------------------+
| 1      |                     1 |
| 3      |                     1 |
| 4      |                     1 |
| 16+    |                     1 |
+--------+-----------------------+


