
*** Running vivado
    with args -log fsm_control.vds -m64 -product Vivado -mode batch -messageDb vivado.pb -notrace -source fsm_control.tcl


****** Vivado v2017.4 (64-bit)
  **** SW Build 2086221 on Fri Dec 15 20:55:39 MST 2017
  **** IP Build 2085800 on Fri Dec 15 22:25:07 MST 2017
    ** Copyright 1986-2017 Xilinx, Inc. All Rights Reserved.

source fsm_control.tcl -notrace
Command: synth_design -top fsm_control -part xc7a35tcpg236-1
Starting synth_design
Attempting to get a license for feature 'Synthesis' and/or device 'xc7a35t'
INFO: [Common 17-349] Got license for feature 'Synthesis' and/or device 'xc7a35t'
INFO: Launching helper process for spawning children vivado processes
INFO: Helper process launched with PID 13264 
---------------------------------------------------------------------------------
Starting RTL Elaboration : Time (s): cpu = 00:00:05 ; elapsed = 00:00:04 . Memory (MB): peak = 352.520 ; gain = 101.902
---------------------------------------------------------------------------------
INFO: [Synth 8-638] synthesizing module 'fsm_control' [C:/Users/student/Desktop/ncat-ecen429-repository/Lab8/Lab8Part3/Lab8Part3.srcs/sources_1/new/fsm_control.vhd:23]
INFO: [Synth 8-3491] module 'counter' declared at 'C:/Users/student/Desktop/ncat-ecen429-repository/Lab8/Lab8Part3/Lab8Part3.srcs/sources_1/new/counter.vhd:4' bound to instance 'counter_comp' of component 'counter' [C:/Users/student/Desktop/ncat-ecen429-repository/Lab8/Lab8Part3/Lab8Part3.srcs/sources_1/new/fsm_control.vhd:42]
INFO: [Synth 8-638] synthesizing module 'counter' [C:/Users/student/Desktop/ncat-ecen429-repository/Lab8/Lab8Part3/Lab8Part3.srcs/sources_1/new/counter.vhd:15]
INFO: [Synth 8-3491] module 'Clockdivider' declared at 'C:/Users/student/Desktop/ncat-ecen429-repository/Lab8/Lab8Part3/Lab8Part3.srcs/sources_1/imports/ncat-ecen429-repository/Lab6/Lab6Part1/Lab6Part1.srcs/sources_1/new/clockdivider.vhd:26' bound to instance 'clock_div' of component 'Clockdivider' [C:/Users/student/Desktop/ncat-ecen429-repository/Lab8/Lab8Part3/Lab8Part3.srcs/sources_1/new/counter.vhd:30]
INFO: [Synth 8-638] synthesizing module 'Clockdivider' [C:/Users/student/Desktop/ncat-ecen429-repository/Lab8/Lab8Part3/Lab8Part3.srcs/sources_1/imports/ncat-ecen429-repository/Lab6/Lab6Part1/Lab6Part1.srcs/sources_1/new/clockdivider.vhd:32]
INFO: [Synth 8-4471] merging register 'slowClock_sig_reg' into 'SlowClock_reg' [C:/Users/student/Desktop/ncat-ecen429-repository/Lab8/Lab8Part3/Lab8Part3.srcs/sources_1/imports/ncat-ecen429-repository/Lab6/Lab6Part1/Lab6Part1.srcs/sources_1/new/clockdivider.vhd:51]
WARNING: [Synth 8-6014] Unused sequential element slowClock_sig_reg was removed.  [C:/Users/student/Desktop/ncat-ecen429-repository/Lab8/Lab8Part3/Lab8Part3.srcs/sources_1/imports/ncat-ecen429-repository/Lab6/Lab6Part1/Lab6Part1.srcs/sources_1/new/clockdivider.vhd:51]
INFO: [Synth 8-256] done synthesizing module 'Clockdivider' (1#1) [C:/Users/student/Desktop/ncat-ecen429-repository/Lab8/Lab8Part3/Lab8Part3.srcs/sources_1/imports/ncat-ecen429-repository/Lab6/Lab6Part1/Lab6Part1.srcs/sources_1/new/clockdivider.vhd:32]
WARNING: [Synth 8-614] signal 'enable' is read in the process but is not in the sensitivity list [C:/Users/student/Desktop/ncat-ecen429-repository/Lab8/Lab8Part3/Lab8Part3.srcs/sources_1/new/counter.vhd:32]
WARNING: [Synth 8-614] signal 'slowClock' is read in the process but is not in the sensitivity list [C:/Users/student/Desktop/ncat-ecen429-repository/Lab8/Lab8Part3/Lab8Part3.srcs/sources_1/new/counter.vhd:32]
INFO: [Synth 8-256] done synthesizing module 'counter' (2#1) [C:/Users/student/Desktop/ncat-ecen429-repository/Lab8/Lab8Part3/Lab8Part3.srcs/sources_1/new/counter.vhd:15]
INFO: [Synth 8-256] done synthesizing module 'fsm_control' (3#1) [C:/Users/student/Desktop/ncat-ecen429-repository/Lab8/Lab8Part3/Lab8Part3.srcs/sources_1/new/fsm_control.vhd:23]
---------------------------------------------------------------------------------
Finished RTL Elaboration : Time (s): cpu = 00:00:05 ; elapsed = 00:00:05 . Memory (MB): peak = 404.746 ; gain = 154.129
---------------------------------------------------------------------------------

Report Check Netlist: 
+------+------------------+-------+---------+-------+------------------+
|      |Item              |Errors |Warnings |Status |Description       |
+------+------------------+-------+---------+-------+------------------+
|1     |multi_driven_nets |      0|        0|Passed |Multi driven nets |
+------+------------------+-------+---------+-------+------------------+
---------------------------------------------------------------------------------
Finished RTL Optimization Phase 1 : Time (s): cpu = 00:00:05 ; elapsed = 00:00:05 . Memory (MB): peak = 404.746 ; gain = 154.129
---------------------------------------------------------------------------------
INFO: [Device 21-403] Loading part xc7a35tcpg236-1
INFO: [Project 1-570] Preparing netlist for logic optimization

Processing XDC Constraints
Initializing timing engine
Parsing XDC File [C:/Users/student/Desktop/ncat-ecen429-repository/Lab8/Lab8Part3/Lab8Part3.srcs/constrs_1/new/const.xdc]
Finished Parsing XDC File [C:/Users/student/Desktop/ncat-ecen429-repository/Lab8/Lab8Part3/Lab8Part3.srcs/constrs_1/new/const.xdc]
INFO: [Project 1-236] Implementation specific constraints were found while reading constraint file [C:/Users/student/Desktop/ncat-ecen429-repository/Lab8/Lab8Part3/Lab8Part3.srcs/constrs_1/new/const.xdc]. These constraints will be ignored for synthesis but will be used in implementation. Impacted constraints are listed in the file [.Xil/fsm_control_propImpl.xdc].
Resolution: To avoid this warning, move constraints listed in [.Xil/fsm_control_propImpl.xdc] to another XDC file and exclude this new file from synthesis with the used_in_synthesis property (File Properties dialog in GUI) and re-run elaboration/synthesis.
Completed Processing XDC Constraints

INFO: [Project 1-111] Unisim Transformation Summary:
No Unisim elements were transformed.

Constraint Validation Runtime : Time (s): cpu = 00:00:00 ; elapsed = 00:00:00.002 . Memory (MB): peak = 717.133 ; gain = 0.000
---------------------------------------------------------------------------------
Finished Constraint Validation : Time (s): cpu = 00:00:14 ; elapsed = 00:00:15 . Memory (MB): peak = 717.133 ; gain = 466.516
---------------------------------------------------------------------------------
---------------------------------------------------------------------------------
Start Loading Part and Timing Information
---------------------------------------------------------------------------------
Loading part: xc7a35tcpg236-1
---------------------------------------------------------------------------------
Finished Loading Part and Timing Information : Time (s): cpu = 00:00:14 ; elapsed = 00:00:15 . Memory (MB): peak = 717.133 ; gain = 466.516
---------------------------------------------------------------------------------
---------------------------------------------------------------------------------
Start Applying 'set_property' XDC Constraints
---------------------------------------------------------------------------------
---------------------------------------------------------------------------------
Finished applying 'set_property' XDC Constraints : Time (s): cpu = 00:00:14 ; elapsed = 00:00:15 . Memory (MB): peak = 717.133 ; gain = 466.516
---------------------------------------------------------------------------------
INFO: [Synth 8-802] inferred FSM for state register 'state_reg' in module 'fsm_control'
INFO: [Synth 8-5544] ROM "state" won't be mapped to Block RAM because address size (1) smaller than threshold (5)
INFO: [Synth 8-5544] ROM "state" won't be mapped to Block RAM because address size (1) smaller than threshold (5)
INFO: [Synth 8-5544] ROM "state" won't be mapped to Block RAM because address size (1) smaller than threshold (5)
INFO: [Synth 8-5544] ROM "state" won't be mapped to Block RAM because address size (1) smaller than threshold (5)
INFO: [Synth 8-5544] ROM "state" won't be mapped to Block RAM because address size (1) smaller than threshold (5)
---------------------------------------------------------------------------------------------------
                   State |                     New Encoding |                Previous Encoding 
---------------------------------------------------------------------------------------------------
                  iSTATE |                              000 |                              000
                 iSTATE3 |                              001 |                              100
                 iSTATE4 |                              010 |                              101
                 iSTATE0 |                              011 |                              001
                 iSTATE1 |                              100 |                              010
                 iSTATE2 |                              101 |                              011
                 iSTATE5 |                              110 |                              110
*
---------------------------------------------------------------------------------------------------
INFO: [Synth 8-3354] encoded FSM with state register 'state_reg' using encoding 'sequential' in module 'fsm_control'
---------------------------------------------------------------------------------
Finished RTL Optimization Phase 2 : Time (s): cpu = 00:00:15 ; elapsed = 00:00:15 . Memory (MB): peak = 717.133 ; gain = 466.516
---------------------------------------------------------------------------------

Report RTL Partitions: 
+-+--------------+------------+----------+
| |RTL Partition |Replication |Instances |
+-+--------------+------------+----------+
+-+--------------+------------+----------+
---------------------------------------------------------------------------------
Start RTL Component Statistics 
---------------------------------------------------------------------------------
Detailed RTL Component Info : 
+---Adders : 
	   2 Input     27 Bit       Adders := 1     
+---Registers : 
	               27 Bit    Registers := 1     
	                4 Bit    Registers := 1     
	                1 Bit    Registers := 5     
+---Muxes : 
	  20 Input      4 Bit        Muxes := 1     
	   2 Input      4 Bit        Muxes := 1     
	  12 Input      3 Bit        Muxes := 1     
	   7 Input      1 Bit        Muxes := 2     
---------------------------------------------------------------------------------
Finished RTL Component Statistics 
---------------------------------------------------------------------------------
---------------------------------------------------------------------------------
Start RTL Hierarchical Component Statistics 
---------------------------------------------------------------------------------
Hierarchical RTL Component report 
Module fsm_control 
Detailed RTL Component Info : 
+---Registers : 
	                1 Bit    Registers := 1     
+---Muxes : 
	  12 Input      3 Bit        Muxes := 1     
	   7 Input      1 Bit        Muxes := 2     
Module Clockdivider 
Detailed RTL Component Info : 
+---Adders : 
	   2 Input     27 Bit       Adders := 1     
+---Registers : 
	               27 Bit    Registers := 1     
	                1 Bit    Registers := 4     
Module counter 
Detailed RTL Component Info : 
+---Registers : 
	                4 Bit    Registers := 1     
+---Muxes : 
	  20 Input      4 Bit        Muxes := 1     
	   2 Input      4 Bit        Muxes := 1     
---------------------------------------------------------------------------------
Finished RTL Hierarchical Component Statistics
---------------------------------------------------------------------------------
---------------------------------------------------------------------------------
Start Part Resource Summary
---------------------------------------------------------------------------------
Part Resources:
DSPs: 90 (col length:60)
BRAMs: 100 (col length: RAMB18 60 RAMB36 30)
---------------------------------------------------------------------------------
Finished Part Resource Summary
---------------------------------------------------------------------------------
---------------------------------------------------------------------------------
Start Cross Boundary and Area Optimization
---------------------------------------------------------------------------------
WARNING: [Synth 8-6014] Unused sequential element counter_comp/clock_div/FastClock_reg was removed.  [C:/Users/student/Desktop/ncat-ecen429-repository/Lab8/Lab8Part3/Lab8Part3.srcs/sources_1/imports/ncat-ecen429-repository/Lab6/Lab6Part1/Lab6Part1.srcs/sources_1/new/clockdivider.vhd:48]
WARNING: [Synth 8-6014] Unused sequential element counter_comp/clock_div/MediumClock_reg was removed.  [C:/Users/student/Desktop/ncat-ecen429-repository/Lab8/Lab8Part3/Lab8Part3.srcs/sources_1/imports/ncat-ecen429-repository/Lab6/Lab6Part1/Lab6Part1.srcs/sources_1/new/clockdivider.vhd:49]
---------------------------------------------------------------------------------
Finished Cross Boundary and Area Optimization : Time (s): cpu = 00:00:15 ; elapsed = 00:00:15 . Memory (MB): peak = 717.133 ; gain = 466.516
---------------------------------------------------------------------------------

Report RTL Partitions: 
+-+--------------+------------+----------+
| |RTL Partition |Replication |Instances |
+-+--------------+------------+----------+
+-+--------------+------------+----------+
---------------------------------------------------------------------------------
Start Applying XDC Timing Constraints
---------------------------------------------------------------------------------
---------------------------------------------------------------------------------
Finished Applying XDC Timing Constraints : Time (s): cpu = 00:00:23 ; elapsed = 00:00:23 . Memory (MB): peak = 724.020 ; gain = 473.402
---------------------------------------------------------------------------------
---------------------------------------------------------------------------------
Start Timing Optimization
---------------------------------------------------------------------------------
---------------------------------------------------------------------------------
Finished Timing Optimization : Time (s): cpu = 00:00:23 ; elapsed = 00:00:23 . Memory (MB): peak = 724.168 ; gain = 473.551
---------------------------------------------------------------------------------

Report RTL Partitions: 
+-+--------------+------------+----------+
| |RTL Partition |Replication |Instances |
+-+--------------+------------+----------+
+-+--------------+------------+----------+
---------------------------------------------------------------------------------
Start Technology Mapping
---------------------------------------------------------------------------------
---------------------------------------------------------------------------------
Finished Technology Mapping : Time (s): cpu = 00:00:23 ; elapsed = 00:00:23 . Memory (MB): peak = 743.230 ; gain = 492.613
---------------------------------------------------------------------------------

Report RTL Partitions: 
+-+--------------+------------+----------+
| |RTL Partition |Replication |Instances |
+-+--------------+------------+----------+
+-+--------------+------------+----------+
---------------------------------------------------------------------------------
Start IO Insertion
---------------------------------------------------------------------------------
---------------------------------------------------------------------------------
Start Flattening Before IO Insertion
---------------------------------------------------------------------------------
---------------------------------------------------------------------------------
Finished Flattening Before IO Insertion
---------------------------------------------------------------------------------
---------------------------------------------------------------------------------
Start Final Netlist Cleanup
---------------------------------------------------------------------------------
---------------------------------------------------------------------------------
Finished Final Netlist Cleanup
---------------------------------------------------------------------------------
---------------------------------------------------------------------------------
Finished IO Insertion : Time (s): cpu = 00:00:24 ; elapsed = 00:00:24 . Memory (MB): peak = 743.230 ; gain = 492.613
---------------------------------------------------------------------------------

Report Check Netlist: 
+------+------------------+-------+---------+-------+------------------+
|      |Item              |Errors |Warnings |Status |Description       |
+------+------------------+-------+---------+-------+------------------+
|1     |multi_driven_nets |      0|        0|Passed |Multi driven nets |
+------+------------------+-------+---------+-------+------------------+
---------------------------------------------------------------------------------
Start Renaming Generated Instances
---------------------------------------------------------------------------------
---------------------------------------------------------------------------------
Finished Renaming Generated Instances : Time (s): cpu = 00:00:24 ; elapsed = 00:00:24 . Memory (MB): peak = 743.230 ; gain = 492.613
---------------------------------------------------------------------------------

Report RTL Partitions: 
+-+--------------+------------+----------+
| |RTL Partition |Replication |Instances |
+-+--------------+------------+----------+
+-+--------------+------------+----------+
---------------------------------------------------------------------------------
Start Rebuilding User Hierarchy
---------------------------------------------------------------------------------
---------------------------------------------------------------------------------
Finished Rebuilding User Hierarchy : Time (s): cpu = 00:00:24 ; elapsed = 00:00:24 . Memory (MB): peak = 743.230 ; gain = 492.613
---------------------------------------------------------------------------------
---------------------------------------------------------------------------------
Start Renaming Generated Ports
---------------------------------------------------------------------------------
---------------------------------------------------------------------------------
Finished Renaming Generated Ports : Time (s): cpu = 00:00:24 ; elapsed = 00:00:24 . Memory (MB): peak = 743.230 ; gain = 492.613
---------------------------------------------------------------------------------
---------------------------------------------------------------------------------
Start Handling Custom Attributes
---------------------------------------------------------------------------------
---------------------------------------------------------------------------------
Finished Handling Custom Attributes : Time (s): cpu = 00:00:24 ; elapsed = 00:00:24 . Memory (MB): peak = 743.230 ; gain = 492.613
---------------------------------------------------------------------------------
---------------------------------------------------------------------------------
Start Renaming Generated Nets
---------------------------------------------------------------------------------
---------------------------------------------------------------------------------
Finished Renaming Generated Nets : Time (s): cpu = 00:00:24 ; elapsed = 00:00:24 . Memory (MB): peak = 743.230 ; gain = 492.613
---------------------------------------------------------------------------------
---------------------------------------------------------------------------------
Start Writing Synthesis Report
---------------------------------------------------------------------------------

Report BlackBoxes: 
+-+--------------+----------+
| |BlackBox name |Instances |
+-+--------------+----------+
+-+--------------+----------+

Report Cell Usage: 
+------+-------+------+
|      |Cell   |Count |
+------+-------+------+
|1     |BUFG   |     1|
|2     |CARRY4 |     7|
|3     |LUT1   |     1|
|4     |LUT2   |     1|
|5     |LUT3   |     3|
|6     |LUT4   |    10|
|7     |LUT5   |     3|
|8     |LUT6   |     2|
|9     |FDCE   |     7|
|10    |FDRE   |    30|
|11    |IBUF   |     9|
|12    |OBUF   |     7|
+------+-------+------+

Report Instance Areas: 
+------+---------------+-------------+------+
|      |Instance       |Module       |Cells |
+------+---------------+-------------+------+
|1     |top            |             |    81|
|2     |  counter_comp |counter      |    56|
|3     |    clock_div  |Clockdivider |    37|
+------+---------------+-------------+------+
---------------------------------------------------------------------------------
Finished Writing Synthesis Report : Time (s): cpu = 00:00:24 ; elapsed = 00:00:24 . Memory (MB): peak = 743.230 ; gain = 492.613
---------------------------------------------------------------------------------
Synthesis finished with 0 errors, 0 critical warnings and 2 warnings.
Synthesis Optimization Runtime : Time (s): cpu = 00:00:14 ; elapsed = 00:00:19 . Memory (MB): peak = 743.230 ; gain = 180.227
Synthesis Optimization Complete : Time (s): cpu = 00:00:24 ; elapsed = 00:00:24 . Memory (MB): peak = 743.230 ; gain = 492.613
INFO: [Project 1-571] Translating synthesized netlist
INFO: [Netlist 29-17] Analyzing 16 Unisim elements for replacement
INFO: [Netlist 29-28] Unisim Transformation completed in 0 CPU seconds
INFO: [Project 1-570] Preparing netlist for logic optimization
INFO: [Opt 31-138] Pushed 0 inverter(s) to 0 load pin(s).
INFO: [Project 1-111] Unisim Transformation Summary:
No Unisim elements were transformed.

INFO: [Common 17-83] Releasing license: Synthesis
28 Infos, 5 Warnings, 0 Critical Warnings and 0 Errors encountered.
synth_design completed successfully
synth_design: Time (s): cpu = 00:00:24 ; elapsed = 00:00:27 . Memory (MB): peak = 743.766 ; gain = 505.531
INFO: [Common 17-1381] The checkpoint 'C:/Users/student/Desktop/ncat-ecen429-repository/Lab8/Lab8Part3/Lab8Part3.runs/synth_1/fsm_control.dcp' has been generated.
INFO: [runtcl-4] Executing : report_utilization -file fsm_control_utilization_synth.rpt -pb fsm_control_utilization_synth.pb
report_utilization: Time (s): cpu = 00:00:00 ; elapsed = 00:00:00.023 . Memory (MB): peak = 743.766 ; gain = 0.000
INFO: [Common 17-206] Exiting Vivado at Thu Mar 29 13:57:03 2018...
