Copyright 1986-2017 Xilinx, Inc. All Rights Reserved.
--------------------------------------------------------------------------------------------
| Tool Version : Vivado v.2017.4 (win64) Build 2086221 Fri Dec 15 20:55:39 MST 2017
| Date         : Thu Apr 26 14:50:56 2018
| Host         : DESKTOP-C4F8K0T running 64-bit major release  (build 9200)
| Command      : report_control_sets -verbose -file vending_machine_control_sets_placed.rpt
| Design       : vending_machine
| Device       : xc7a35t
--------------------------------------------------------------------------------------------

Control Set Information

Table of Contents
-----------------
1. Summary
2. Flip-Flop Distribution
3. Detailed Control Set Information

1. Summary
----------

+----------------------------------------------------------+-------+
|                          Status                          | Count |
+----------------------------------------------------------+-------+
| Number of unique control sets                            |     5 |
| Unused register locations in slices containing registers |    26 |
+----------------------------------------------------------+-------+


2. Flip-Flop Distribution
-------------------------

+--------------+-----------------------+------------------------+-----------------+--------------+
| Clock Enable | Synchronous Set/Reset | Asynchronous Set/Reset | Total Registers | Total Slices |
+--------------+-----------------------+------------------------+-----------------+--------------+
| No           | No                    | No                     |              31 |           11 |
| No           | No                    | Yes                    |               7 |            4 |
| No           | Yes                   | No                     |               0 |            0 |
| Yes          | No                    | No                     |               0 |            0 |
| Yes          | No                    | Yes                    |               0 |            0 |
| Yes          | Yes                   | No                     |               0 |            0 |
+--------------+-----------------------+------------------------+-----------------+--------------+


3. Detailed Control Set Information
-----------------------------------

+--------------------------+---------------+------------------+------------------+----------------+
|       Clock Signal       | Enable Signal | Set/Reset Signal | Slice Load Count | Bel Load Count |
+--------------------------+---------------+------------------+------------------+----------------+
|  cd/CLK                  |               |                  |                1 |              1 |
|  timer_reset_reg_i_2_n_0 |               |                  |                1 |              1 |
|  cd/CLK                  |               | timer_reset      |                1 |              3 |
|  cd/CLK                  |               | reset_IBUF       |                3 |              4 |
|  clk_IBUF_BUFG           |               |                  |                9 |             29 |
+--------------------------+---------------+------------------+------------------+----------------+


+--------+-----------------------+
| Fanout | Number of ControlSets |
+--------+-----------------------+
| 1      |                     2 |
| 3      |                     1 |
| 4      |                     1 |
| 16+    |                     1 |
+--------+-----------------------+


