
*** Running vivado
    with args -log Lab3Part1.vds -m64 -product Vivado -mode batch -messageDb vivado.pb -notrace -source Lab3Part1.tcl


****** Vivado v2017.4 (64-bit)
  **** SW Build 2086221 on Fri Dec 15 20:55:39 MST 2017
  **** IP Build 2085800 on Fri Dec 15 22:25:07 MST 2017
    ** Copyright 1986-2017 Xilinx, Inc. All Rights Reserved.

source Lab3Part1.tcl -notrace
Command: synth_design -top Lab3Part1 -part xc7a35tcpg236-1
Starting synth_design
Attempting to get a license for feature 'Synthesis' and/or device 'xc7a35t'
INFO: [Common 17-349] Got license for feature 'Synthesis' and/or device 'xc7a35t'
INFO: Launching helper process for spawning children vivado processes
INFO: Helper process launched with PID 920 
---------------------------------------------------------------------------------
Starting RTL Elaboration : Time (s): cpu = 00:00:05 ; elapsed = 00:00:04 . Memory (MB): peak = 351.996 ; gain = 100.512
---------------------------------------------------------------------------------
INFO: [Synth 8-638] synthesizing module 'Lab3Part1' [C:/Users/student/Desktop/ncat-ecen429-repository/Lab3/Lab3Part1/Lab3Part1/Lab3Part1.srcs/sources_1/new/Lab3Part1.vhd:80]
INFO: [Synth 8-3491] module 'full_adder' declared at 'C:/Users/student/Desktop/ncat-ecen429-repository/Lab3/Lab3Part1/Lab3Part1/Lab3Part1.srcs/sources_1/new/Lab3Part1.vhd:34' bound to instance 'adder_one' of component 'full_adder' [C:/Users/student/Desktop/ncat-ecen429-repository/Lab3/Lab3Part1/Lab3Part1/Lab3Part1.srcs/sources_1/new/Lab3Part1.vhd:88]
INFO: [Synth 8-638] synthesizing module 'full_adder' [C:/Users/student/Desktop/ncat-ecen429-repository/Lab3/Lab3Part1/Lab3Part1/Lab3Part1.srcs/sources_1/new/Lab3Part1.vhd:50]
INFO: [Synth 8-256] done synthesizing module 'full_adder' (1#1) [C:/Users/student/Desktop/ncat-ecen429-repository/Lab3/Lab3Part1/Lab3Part1/Lab3Part1.srcs/sources_1/new/Lab3Part1.vhd:50]
INFO: [Synth 8-3491] module 'full_adder' declared at 'C:/Users/student/Desktop/ncat-ecen429-repository/Lab3/Lab3Part1/Lab3Part1/Lab3Part1.srcs/sources_1/new/Lab3Part1.vhd:34' bound to instance 'adder_two' of component 'full_adder' [C:/Users/student/Desktop/ncat-ecen429-repository/Lab3/Lab3Part1/Lab3Part1/Lab3Part1.srcs/sources_1/new/Lab3Part1.vhd:89]
INFO: [Synth 8-256] done synthesizing module 'Lab3Part1' (2#1) [C:/Users/student/Desktop/ncat-ecen429-repository/Lab3/Lab3Part1/Lab3Part1/Lab3Part1.srcs/sources_1/new/Lab3Part1.vhd:80]
---------------------------------------------------------------------------------
Finished RTL Elaboration : Time (s): cpu = 00:00:05 ; elapsed = 00:00:05 . Memory (MB): peak = 403.934 ; gain = 152.449
---------------------------------------------------------------------------------

Report Check Netlist: 
+------+------------------+-------+---------+-------+------------------+
|      |Item              |Errors |Warnings |Status |Description       |
+------+------------------+-------+---------+-------+------------------+
|1     |multi_driven_nets |      0|        0|Passed |Multi driven nets |
+------+------------------+-------+---------+-------+------------------+
---------------------------------------------------------------------------------
Finished RTL Optimization Phase 1 : Time (s): cpu = 00:00:05 ; elapsed = 00:00:05 . Memory (MB): peak = 403.934 ; gain = 152.449
---------------------------------------------------------------------------------
INFO: [Device 21-403] Loading part xc7a35tcpg236-1
INFO: [Project 1-570] Preparing netlist for logic optimization

Processing XDC Constraints
Initializing timing engine
Parsing XDC File [C:/Users/student/Desktop/ncat-ecen429-repository/Lab3/Lab3Part1/Lab3Part1/Lab3Part1.srcs/constrs_1/new/const.xdc]
WARNING: [Vivado 12-584] No ports matched 'a3'. [C:/Users/student/Desktop/ncat-ecen429-repository/Lab3/Lab3Part1/Lab3Part1/Lab3Part1.srcs/constrs_1/new/const.xdc:3]
CRITICAL WARNING: [Common 17-55] 'set_property' expects at least one object. [C:/Users/student/Desktop/ncat-ecen429-repository/Lab3/Lab3Part1/Lab3Part1/Lab3Part1.srcs/constrs_1/new/const.xdc:3]
Resolution: If [get_<value>] was used to populate the object, check to make sure this command returns at least one valid object.
WARNING: [Vivado 12-584] No ports matched 'b3'. [C:/Users/student/Desktop/ncat-ecen429-repository/Lab3/Lab3Part1/Lab3Part1/Lab3Part1.srcs/constrs_1/new/const.xdc:6]
CRITICAL WARNING: [Common 17-55] 'set_property' expects at least one object. [C:/Users/student/Desktop/ncat-ecen429-repository/Lab3/Lab3Part1/Lab3Part1/Lab3Part1.srcs/constrs_1/new/const.xdc:6]
Resolution: If [get_<value>] was used to populate the object, check to make sure this command returns at least one valid object.
WARNING: [Vivado 12-584] No ports matched 'x3'. [C:/Users/student/Desktop/ncat-ecen429-repository/Lab3/Lab3Part1/Lab3Part1/Lab3Part1.srcs/constrs_1/new/const.xdc:11]
CRITICAL WARNING: [Common 17-55] 'set_property' expects at least one object. [C:/Users/student/Desktop/ncat-ecen429-repository/Lab3/Lab3Part1/Lab3Part1/Lab3Part1.srcs/constrs_1/new/const.xdc:11]
Resolution: If [get_<value>] was used to populate the object, check to make sure this command returns at least one valid object.
WARNING: [Vivado 12-584] No ports matched 'a3'. [C:/Users/student/Desktop/ncat-ecen429-repository/Lab3/Lab3Part1/Lab3Part1/Lab3Part1.srcs/constrs_1/new/const.xdc:14]
CRITICAL WARNING: [Common 17-55] 'set_property' expects at least one object. [C:/Users/student/Desktop/ncat-ecen429-repository/Lab3/Lab3Part1/Lab3Part1/Lab3Part1.srcs/constrs_1/new/const.xdc:14]
Resolution: If [get_<value>] was used to populate the object, check to make sure this command returns at least one valid object.
WARNING: [Vivado 12-584] No ports matched 'b3'. [C:/Users/student/Desktop/ncat-ecen429-repository/Lab3/Lab3Part1/Lab3Part1/Lab3Part1.srcs/constrs_1/new/const.xdc:16]
CRITICAL WARNING: [Common 17-55] 'set_property' expects at least one object. [C:/Users/student/Desktop/ncat-ecen429-repository/Lab3/Lab3Part1/Lab3Part1/Lab3Part1.srcs/constrs_1/new/const.xdc:16]
Resolution: If [get_<value>] was used to populate the object, check to make sure this command returns at least one valid object.
WARNING: [Vivado 12-584] No ports matched 'x3'. [C:/Users/student/Desktop/ncat-ecen429-repository/Lab3/Lab3Part1/Lab3Part1/Lab3Part1.srcs/constrs_1/new/const.xdc:22]
CRITICAL WARNING: [Common 17-55] 'set_property' expects at least one object. [C:/Users/student/Desktop/ncat-ecen429-repository/Lab3/Lab3Part1/Lab3Part1/Lab3Part1.srcs/constrs_1/new/const.xdc:22]
Resolution: If [get_<value>] was used to populate the object, check to make sure this command returns at least one valid object.
Finished Parsing XDC File [C:/Users/student/Desktop/ncat-ecen429-repository/Lab3/Lab3Part1/Lab3Part1/Lab3Part1.srcs/constrs_1/new/const.xdc]
INFO: [Project 1-236] Implementation specific constraints were found while reading constraint file [C:/Users/student/Desktop/ncat-ecen429-repository/Lab3/Lab3Part1/Lab3Part1/Lab3Part1.srcs/constrs_1/new/const.xdc]. These constraints will be ignored for synthesis but will be used in implementation. Impacted constraints are listed in the file [.Xil/Lab3Part1_propImpl.xdc].
Resolution: To avoid this warning, move constraints listed in [.Xil/Lab3Part1_propImpl.xdc] to another XDC file and exclude this new file from synthesis with the used_in_synthesis property (File Properties dialog in GUI) and re-run elaboration/synthesis.
Completed Processing XDC Constraints

INFO: [Project 1-111] Unisim Transformation Summary:
No Unisim elements were transformed.

Constraint Validation Runtime : Time (s): cpu = 00:00:00 ; elapsed = 00:00:00.004 . Memory (MB): peak = 721.121 ; gain = 0.000
---------------------------------------------------------------------------------
Finished Constraint Validation : Time (s): cpu = 00:00:14 ; elapsed = 00:00:15 . Memory (MB): peak = 721.121 ; gain = 469.637
---------------------------------------------------------------------------------
---------------------------------------------------------------------------------
Start Loading Part and Timing Information
---------------------------------------------------------------------------------
Loading part: xc7a35tcpg236-1
---------------------------------------------------------------------------------
Finished Loading Part and Timing Information : Time (s): cpu = 00:00:14 ; elapsed = 00:00:15 . Memory (MB): peak = 721.121 ; gain = 469.637
---------------------------------------------------------------------------------
---------------------------------------------------------------------------------
Start Applying 'set_property' XDC Constraints
---------------------------------------------------------------------------------
---------------------------------------------------------------------------------
Finished applying 'set_property' XDC Constraints : Time (s): cpu = 00:00:14 ; elapsed = 00:00:15 . Memory (MB): peak = 721.121 ; gain = 469.637
---------------------------------------------------------------------------------
---------------------------------------------------------------------------------
Finished RTL Optimization Phase 2 : Time (s): cpu = 00:00:14 ; elapsed = 00:00:15 . Memory (MB): peak = 721.121 ; gain = 469.637
---------------------------------------------------------------------------------

Report RTL Partitions: 
+-+--------------+------------+----------+
| |RTL Partition |Replication |Instances |
+-+--------------+------------+----------+
+-+--------------+------------+----------+
---------------------------------------------------------------------------------
Start RTL Component Statistics 
---------------------------------------------------------------------------------
Detailed RTL Component Info : 
---------------------------------------------------------------------------------
Finished RTL Component Statistics 
---------------------------------------------------------------------------------
---------------------------------------------------------------------------------
Start RTL Hierarchical Component Statistics 
---------------------------------------------------------------------------------
Hierarchical RTL Component report 
---------------------------------------------------------------------------------
Finished RTL Hierarchical Component Statistics
---------------------------------------------------------------------------------
---------------------------------------------------------------------------------
Start Part Resource Summary
---------------------------------------------------------------------------------
Part Resources:
DSPs: 90 (col length:60)
BRAMs: 100 (col length: RAMB18 60 RAMB36 30)
---------------------------------------------------------------------------------
Finished Part Resource Summary
---------------------------------------------------------------------------------
---------------------------------------------------------------------------------
Start Cross Boundary and Area Optimization
---------------------------------------------------------------------------------
---------------------------------------------------------------------------------
Finished Cross Boundary and Area Optimization : Time (s): cpu = 00:00:15 ; elapsed = 00:00:15 . Memory (MB): peak = 721.121 ; gain = 469.637
---------------------------------------------------------------------------------

Report RTL Partitions: 
+-+--------------+------------+----------+
| |RTL Partition |Replication |Instances |
+-+--------------+------------+----------+
+-+--------------+------------+----------+
---------------------------------------------------------------------------------
Start Applying XDC Timing Constraints
---------------------------------------------------------------------------------
---------------------------------------------------------------------------------
Finished Applying XDC Timing Constraints : Time (s): cpu = 00:00:22 ; elapsed = 00:00:23 . Memory (MB): peak = 722.066 ; gain = 470.582
---------------------------------------------------------------------------------
---------------------------------------------------------------------------------
Start Timing Optimization
---------------------------------------------------------------------------------
---------------------------------------------------------------------------------
Finished Timing Optimization : Time (s): cpu = 00:00:22 ; elapsed = 00:00:23 . Memory (MB): peak = 722.066 ; gain = 470.582
---------------------------------------------------------------------------------

Report RTL Partitions: 
+-+--------------+------------+----------+
| |RTL Partition |Replication |Instances |
+-+--------------+------------+----------+
+-+--------------+------------+----------+
---------------------------------------------------------------------------------
Start Technology Mapping
---------------------------------------------------------------------------------
---------------------------------------------------------------------------------
Finished Technology Mapping : Time (s): cpu = 00:00:22 ; elapsed = 00:00:23 . Memory (MB): peak = 732.098 ; gain = 480.613
---------------------------------------------------------------------------------

Report RTL Partitions: 
+-+--------------+------------+----------+
| |RTL Partition |Replication |Instances |
+-+--------------+------------+----------+
+-+--------------+------------+----------+
---------------------------------------------------------------------------------
Start IO Insertion
---------------------------------------------------------------------------------
---------------------------------------------------------------------------------
Start Flattening Before IO Insertion
---------------------------------------------------------------------------------
---------------------------------------------------------------------------------
Finished Flattening Before IO Insertion
---------------------------------------------------------------------------------
---------------------------------------------------------------------------------
Start Final Netlist Cleanup
---------------------------------------------------------------------------------
---------------------------------------------------------------------------------
Finished Final Netlist Cleanup
---------------------------------------------------------------------------------
---------------------------------------------------------------------------------
Finished IO Insertion : Time (s): cpu = 00:00:23 ; elapsed = 00:00:24 . Memory (MB): peak = 732.098 ; gain = 480.613
---------------------------------------------------------------------------------

Report Check Netlist: 
+------+------------------+-------+---------+-------+------------------+
|      |Item              |Errors |Warnings |Status |Description       |
+------+------------------+-------+---------+-------+------------------+
|1     |multi_driven_nets |      0|        0|Passed |Multi driven nets |
+------+------------------+-------+---------+-------+------------------+
---------------------------------------------------------------------------------
Start Renaming Generated Instances
---------------------------------------------------------------------------------
---------------------------------------------------------------------------------
Finished Renaming Generated Instances : Time (s): cpu = 00:00:23 ; elapsed = 00:00:24 . Memory (MB): peak = 732.098 ; gain = 480.613
---------------------------------------------------------------------------------

Report RTL Partitions: 
+-+--------------+------------+----------+
| |RTL Partition |Replication |Instances |
+-+--------------+------------+----------+
+-+--------------+------------+----------+
---------------------------------------------------------------------------------
Start Rebuilding User Hierarchy
---------------------------------------------------------------------------------
---------------------------------------------------------------------------------
Finished Rebuilding User Hierarchy : Time (s): cpu = 00:00:23 ; elapsed = 00:00:24 . Memory (MB): peak = 732.098 ; gain = 480.613
---------------------------------------------------------------------------------
---------------------------------------------------------------------------------
Start Renaming Generated Ports
---------------------------------------------------------------------------------
---------------------------------------------------------------------------------
Finished Renaming Generated Ports : Time (s): cpu = 00:00:23 ; elapsed = 00:00:24 . Memory (MB): peak = 732.098 ; gain = 480.613
---------------------------------------------------------------------------------
---------------------------------------------------------------------------------
Start Handling Custom Attributes
---------------------------------------------------------------------------------
---------------------------------------------------------------------------------
Finished Handling Custom Attributes : Time (s): cpu = 00:00:23 ; elapsed = 00:00:24 . Memory (MB): peak = 732.098 ; gain = 480.613
---------------------------------------------------------------------------------
---------------------------------------------------------------------------------
Start Renaming Generated Nets
---------------------------------------------------------------------------------
---------------------------------------------------------------------------------
Finished Renaming Generated Nets : Time (s): cpu = 00:00:23 ; elapsed = 00:00:24 . Memory (MB): peak = 732.098 ; gain = 480.613
---------------------------------------------------------------------------------
---------------------------------------------------------------------------------
Start Writing Synthesis Report
---------------------------------------------------------------------------------

Report BlackBoxes: 
+-+--------------+----------+
| |BlackBox name |Instances |
+-+--------------+----------+
+-+--------------+----------+

Report Cell Usage: 
+------+-----+------+
|      |Cell |Count |
+------+-----+------+
|1     |LUT3 |     1|
|2     |LUT5 |     2|
|3     |IBUF |     5|
|4     |OBUF |     3|
+------+-----+------+

Report Instance Areas: 
+------+------------+-------------+------+
|      |Instance    |Module       |Cells |
+------+------------+-------------+------+
|1     |top         |             |    11|
|2     |  adder_one |full_adder   |     1|
|3     |  adder_two |full_adder_0 |     2|
+------+------------+-------------+------+
---------------------------------------------------------------------------------
Finished Writing Synthesis Report : Time (s): cpu = 00:00:23 ; elapsed = 00:00:24 . Memory (MB): peak = 732.098 ; gain = 480.613
---------------------------------------------------------------------------------
Synthesis finished with 0 errors, 0 critical warnings and 0 warnings.
Synthesis Optimization Runtime : Time (s): cpu = 00:00:13 ; elapsed = 00:00:19 . Memory (MB): peak = 732.098 ; gain = 163.426
Synthesis Optimization Complete : Time (s): cpu = 00:00:23 ; elapsed = 00:00:24 . Memory (MB): peak = 732.098 ; gain = 480.613
INFO: [Project 1-571] Translating synthesized netlist
INFO: [Netlist 29-17] Analyzing 5 Unisim elements for replacement
INFO: [Netlist 29-28] Unisim Transformation completed in 0 CPU seconds
INFO: [Project 1-570] Preparing netlist for logic optimization
INFO: [Opt 31-138] Pushed 0 inverter(s) to 0 load pin(s).
INFO: [Project 1-111] Unisim Transformation Summary:
No Unisim elements were transformed.

INFO: [Common 17-83] Releasing license: Synthesis
18 Infos, 6 Warnings, 6 Critical Warnings and 0 Errors encountered.
synth_design completed successfully
synth_design: Time (s): cpu = 00:00:24 ; elapsed = 00:00:27 . Memory (MB): peak = 741.848 ; gain = 502.934
INFO: [Common 17-1381] The checkpoint 'C:/Users/student/Desktop/ncat-ecen429-repository/Lab3/Lab3Part1/Lab3Part1/Lab3Part1.runs/synth_1/Lab3Part1.dcp' has been generated.
INFO: [runtcl-4] Executing : report_utilization -file Lab3Part1_utilization_synth.rpt -pb Lab3Part1_utilization_synth.pb
report_utilization: Time (s): cpu = 00:00:00 ; elapsed = 00:00:00.022 . Memory (MB): peak = 741.848 ; gain = 0.000
INFO: [Common 17-206] Exiting Vivado at Thu Feb  8 13:53:07 2018...
