#-----------------------------------------------------------
# Vivado v2017.4 (64-bit)
# SW Build 2086221 on Fri Dec 15 20:55:39 MST 2017
# IP Build 2085800 on Fri Dec 15 22:25:07 MST 2017
# Start of session at: Tue Feb 13 16:25:23 2018
# Process ID: 8384
# Current directory: C:/Users/swphilly1972/Documents/GitHub/ncat-ecen429-repository/Lab3/Lab3Part3
# Command line: vivado.exe -gui_launcher_event rodinguilauncherevent1844 C:\Users\swphilly1972\Documents\GitHub\ncat-ecen429-repository\Lab3\Lab3Part3\Lab3Part3.xpr
# Log file: C:/Users/swphilly1972/Documents/GitHub/ncat-ecen429-repository/Lab3/Lab3Part3/vivado.log
# Journal file: C:/Users/swphilly1972/Documents/GitHub/ncat-ecen429-repository/Lab3/Lab3Part3\vivado.jou
#-----------------------------------------------------------
start_gui
open_project C:/Users/swphilly1972/Documents/GitHub/ncat-ecen429-repository/Lab3/Lab3Part3/Lab3Part3.xpr
INFO: [Project 1-313] Project file moved from 'C:/Users/student/Desktop/ncat-ecen429-repository/Lab3/Lab3Part3' since last save.
Scanning sources...
Finished scanning sources
WARNING: [filemgmt 56-2] IPUserFilesDir: Could not find the directory 'C:/Users/swphilly1972/Documents/GitHub/ncat-ecen429-repository/Lab3/Lab3Part3/Lab3Part3.ip_user_files', nor could it be found using path 'C:/Users/student/Desktop/ncat-ecen429-repository/Lab3/Lab3Part3/Lab3Part3.ip_user_files'.
INFO: [IP_Flow 19-234] Refreshing IP repositories
INFO: [IP_Flow 19-1704] No user IP repositories specified
INFO: [IP_Flow 19-2313] Loaded Vivado IP repository 'C:/Users/swphilly1972/Desktop/Vivado/2017.4/data/ip'.
open_project: Time (s): cpu = 00:00:31 ; elapsed = 00:00:40 . Memory (MB): peak = 731.566 ; gain = 60.922
update_compile_order -fileset sources_1
update_compile_order -fileset sources_1
