#-----------------------------------------------------------
# Vivado v2017.4 (64-bit)
# SW Build 2086221 on Fri Dec 15 20:55:39 MST 2017
# IP Build 2085800 on Fri Dec 15 22:25:07 MST 2017
# Start of session at: Thu Mar 15 12:23:56 2018
# Process ID: 9976
# Current directory: C:/Users/Chris/Documents/development/ncat-ecen429-repository/Lab6/Lab6Part2
# Command line: vivado.exe -gui_launcher_event rodinguilauncherevent9272 C:\Users\Chris\Documents\development\ncat-ecen429-repository\Lab6\Lab6Part2\Lab6Part2.xpr
# Log file: C:/Users/Chris/Documents/development/ncat-ecen429-repository/Lab6/Lab6Part2/vivado.log
# Journal file: C:/Users/Chris/Documents/development/ncat-ecen429-repository/Lab6/Lab6Part2\vivado.jou
#-----------------------------------------------------------
start_gui
open_project C:/Users/Chris/Documents/development/ncat-ecen429-repository/Lab6/Lab6Part2/Lab6Part2.xpr
INFO: [Project 1-313] Project file moved from 'C:/Users/student/Desktop/ncat-ecen429-repository/Lab6/Lab6Part2' since last save.
Scanning sources...
Finished scanning sources
WARNING: [filemgmt 56-2] IPUserFilesDir: Could not find the directory 'C:/Users/Chris/Documents/development/ncat-ecen429-repository/Lab6/Lab6Part2/Lab6Part2.ip_user_files', nor could it be found using path 'C:/Users/student/Desktop/ncat-ecen429-repository/Lab6/Lab6Part2/Lab6Part2.ip_user_files'.
CRITICAL WARNING: [Board 49-67] The board_part definition was not found for digilentinc.com:basys3:part0:1.1. This can happen sometimes when you use custom board part. You can resolve this issue by setting 'board.repoPaths' parameter, pointing to the location of custom board files. Valid board_part values can be retrieved with the 'get_board_parts' Tcl command.
INFO: [IP_Flow 19-234] Refreshing IP repositories
INFO: [IP_Flow 19-1704] No user IP repositories specified
INFO: [IP_Flow 19-2313] Loaded Vivado IP repository 'C:/Xilinx/Vivado/2017.4/data/ip'.
open_project: Time (s): cpu = 00:00:20 ; elapsed = 00:00:11 . Memory (MB): peak = 744.500 ; gain = 42.582
update_compile_order -fileset sources_1
open_project C:/Users/Chris/Documents/development/ncat-ecen429-repository/Lab6/Lab6Part3/Lab6Part3.xpr
INFO: [Project 1-313] Project file moved from 'C:/Users/student/Desktop/ncat-ecen429-repository/Lab6/Lab6Part3' since last save.
Scanning sources...
Finished scanning sources
WARNING: [filemgmt 56-2] IPUserFilesDir: Could not find the directory 'C:/Users/Chris/Documents/development/ncat-ecen429-repository/Lab6/Lab6Part3/Lab6Part3.ip_user_files', nor could it be found using path 'C:/Users/student/Desktop/ncat-ecen429-repository/Lab6/Lab6Part3/Lab6Part3.ip_user_files'.
CRITICAL WARNING: [Board 49-67] The board_part definition was not found for digilentinc.com:basys3:part0:1.1. This can happen sometimes when you use custom board part. You can resolve this issue by setting 'board.repoPaths' parameter, pointing to the location of custom board files. Valid board_part values can be retrieved with the 'get_board_parts' Tcl command.
INFO: [IP_Flow 19-234] Refreshing IP repositories
INFO: [IP_Flow 19-1704] No user IP repositories specified
INFO: [IP_Flow 19-2313] Loaded Vivado IP repository 'C:/Xilinx/Vivado/2017.4/data/ip'.
